The system is: Linux - 6.2.2-zen1-1-zen - x86_64
Compiling the C compiler identification source file "CMakeCCompilerId.c" succeeded.
Compiler: /home/lucas/apps/compilers/nvidia/hpc_sdk/Linux_x86_64/23.1/comm_libs/hpcx/hpcx-2.13/ompi/bin/mpicc 
Build flags: 
Id flags:  

The output was:
0


Compilation of the C compiler identification source "CMakeCCompilerId.c" produced "a.out"

The C compiler identification is NVHPC, found in "/home/lucas/Documents/testLinkLibraryNVHPC/build/CMakeFiles/3.25.3/CompilerIdC/a.out"

Compiling the CXX compiler identification source file "CMakeCXXCompilerId.cpp" succeeded.
Compiler: /home/lucas/apps/compilers/nvidia/hpc_sdk/Linux_x86_64/23.1/comm_libs/hpcx/hpcx-2.13/ompi/bin/mpicxx 
Build flags: 
Id flags:  

The output was:
0


Compilation of the CXX compiler identification source "CMakeCXXCompilerId.cpp" produced "a.out"

The CXX compiler identification is NVHPC, found in "/home/lucas/Documents/testLinkLibraryNVHPC/build/CMakeFiles/3.25.3/CompilerIdCXX/a.out"

Compiling the Fortran compiler identification source file "CMakeFortranCompilerId.F" succeeded.
Compiler: /home/lucas/apps/compilers/nvidia/hpc_sdk/Linux_x86_64/23.1/comm_libs/hpcx/hpcx-2.13/ompi/bin/mpif90 
Build flags: 
Id flags: -v 

The output was:
0
Export NVCOMPILER=/home/lucas/apps/compilers/nvidia/hpc_sdk/Linux_x86_64/23.1
Export PGI=/home/lucas/apps/compilers/nvidia/hpc_sdk

/home/lucas/apps/compilers/nvidia/hpc_sdk/Linux_x86_64/23.1/compilers/bin/tools/fort1 CMakeFortranCompilerId.F -opt 1 -nostatic -x 19 0x400000 -quad -x 59 4 -x 15 2 -x 49 0x400004 -x 51 0x20 -x 57 0x4c -x 58 0x10000 -x 124 0x1000 -tp zen3 -x 57 0xfb0000 -x 58 0x78031040 -x 47 0x08 -x 48 4608 -x 49 0x100 -stdinc /home/lucas/apps/compilers/nvidia/hpc_sdk/Linux_x86_64/23.1/compilers/include:/home/lucas/apps/compilers/nvidia/hpc_sdk/Linux_x86_64/23.1/compilers/include-stdexec:/usr/lib/gcc/x86_64-pc-linux-gnu/12.2.1/include:/usr/local/include:/usr/lib/gcc/x86_64-pc-linux-gnu/12.2.1/include-fixed:/usr/include -cmdline '+nvfortran CMakeFortranCompilerId.F -v -I/home/lucas/apps/compilers/nvidia/hpc_sdk/Linux_x86_64/23.1/comm_libs/hpcx/hpcx-2.13/ompi/include -I/home/lucas/apps/compilers/nvidia/hpc_sdk/Linux_x86_64/23.1/comm_libs/hpcx/hpcx-2.13/ompi/lib -L/home/lucas/apps/compilers/nvidia/hpc_sdk/Linux_x86_64/23.1/comm_libs/hpcx/hpcx-2.13/ompi/lib -rpath /home/lucas/apps/compilers/nvidia/hpc_sdk/Linux_x86_64/23.1/comm_libs/hpcx/hpcx-2.13/ompi/lib -lmpi_usempif08 -lmpi_usempi_ignore_tkr -lmpi_mpifh -lmpi' -def unix -def __unix -def __unix__ -def linux -def __linux -def __linux__ -def __NO_MATH_INLINES -def __LP64__ -def __x86_64 -def __x86_64__ -def __LONG_MAX__=9223372036854775807L -def '__SIZE_TYPE__=unsigned long int' -def '__PTRDIFF_TYPE__=long int' -def __amd64 -def __amd64__ -def __k8 -def __k8__ -def __MMX__ -def __SSE__ -def __SSE2__ -def __SSE3__ -def __SSSE3__ -def __SSE4A__ -def __ABM__ -def __SSE4_1__ -def __SSE4_2__ -def __AVX__ -def __AVX2__ -def __F16C__ -def __FMA__ -def __XSAVE__ -def __XSAVEOPT__ -def __XSAVEC__ -def __XSAVES__ -def __POPCNT__ -def __SHA__ -def __AES__ -def __PCLMUL__ -def __CLFLUSHOPT__ -def __FSGSBASE__ -def __RDRND__ -def __BMI__ -def __BMI2__ -def __LZCNT__ -def __FXSR__ -def __MWAITX__ -def __CLZERO__ -def __PKU__ -def __VAES__ -def __VPCLMULQDQ__ -idir /home/lucas/apps/compilers/nvidia/hpc_sdk/Linux_x86_64/23.1/comm_libs/hpcx/hpcx-2.13/ompi/include -idir /home/lucas/apps/compilers/nvidia/hpc_sdk/Linux_x86_64/23.1/comm_libs/hpcx/hpcx-2.13/ompi/lib -def __PGLLVM__ -def __NVCOMPILER_LLVM__ -def __extension__= -preprocess -nofreeform -vect 48 -x 54 1 -x 68 0x1 -x 70 0x40000000 -x 70 0x40000000 -x 68 0x1 -x 124 1 -x 195 0x8000 -y 163 0xc0000000 -x 189 0x10 -stbfile /tmp/nvfortran2P4LeIrT6dCTm.stb -modexport /tmp/nvfortranMP4LeYDxJQXSc.cmod -modindex /tmp/nvfortranwP4LecmtPhmt4.cmdx -cci /tmp/nvfortrangP4LesxACxTLn.cci -output /tmp/nvfortranwP4LecFMuA0zQ.ilm
  0 inform,   0 warnings,   0 severes, 0 fatal for cmakefortrancompilerid
NVFORTRAN/x86-64 Linux 23.1-0: compilation successful

/home/lucas/apps/compilers/nvidia/hpc_sdk/Linux_x86_64/23.1/compilers/bin/tools/fort2 /tmp/nvfortranwP4LecFMuA0zQ.ilm -fn CMakeFortranCompilerId.F -opt 1 -x 51 0x20 -x 119 0xa10000 -x 122 0x40 -x 123 0x1000 -x 127 4 -x 127 17 -x 19 0x400000 -x 28 0x40000 -x 120 0x10000000 -x 70 0x8000 -x 122 1 -x 125 0x20000 -quad -x 59 4 -tp zen3 -x 120 0x1000 -x 124 0x1400 -y 15 2 -x 57 0x3b0000 -x 58 0x48000000 -x 49 0x100 -astype 0 -x 121 1 -x 183 4 -x 121 0x800 -x 68 0x1 -x 8 0x40000000 -x 70 0x40000000 -x 56 0x10 -x 54 0x10 -x 249 140 -x 68 0x20 -x 70 0x40000000 -x 8 0x40000000 -x 164 0x800000 -x 71 0x2000 -x 71 0x4000 -x 34 0x40000000 -x 83 0x1 -x 85 0x1 -x 206 0x02 -x 120 0x1000000 -x 68 0x1 -x 39 4 -x 56 0x10 -x 26 0x10 -x 26 1 -x 56 0x4000 -x 124 1 -x 197 0 -x 175 0 -x 203 0 -x 204 0 -y 163 0xc0000000 -x 189 0x10 -y 189 0x4000000 -x 60 512 -cci /tmp/nvfortrangP4LesxACxTLn.cci -cmdline '+nvfortran CMakeFortranCompilerId.F -v -I/home/lucas/apps/compilers/nvidia/hpc_sdk/Linux_x86_64/23.1/comm_libs/hpcx/hpcx-2.13/ompi/include -I/home/lucas/apps/compilers/nvidia/hpc_sdk/Linux_x86_64/23.1/comm_libs/hpcx/hpcx-2.13/ompi/lib -L/home/lucas/apps/compilers/nvidia/hpc_sdk/Linux_x86_64/23.1/comm_libs/hpcx/hpcx-2.13/ompi/lib -rpath /home/lucas/apps/compilers/nvidia/hpc_sdk/Linux_x86_64/23.1/comm_libs/hpcx/hpcx-2.13/ompi/lib -lmpi_usempif08 -lmpi_usempi_ignore_tkr -lmpi_mpifh -lmpi' -stbfile /tmp/nvfortran2P4LeIrT6dCTm.stb -asm /tmp/nvfortran2P4LeIoshrrC6.ll
  0 inform,   0 warnings,   0 severes, 0 fatal for cmakefortrancompilerid
NVFORTRAN/x86-64 Linux 23.1-0: compilation successful

/home/lucas/apps/compilers/nvidia/hpc_sdk/Linux_x86_64/23.1/compilers/share/llvm/bin/llc /tmp/nvfortran2P4LeIoshrrC6.ll -march=x86-64 -mcpu=native -mattr=+mmx -mattr=+sse -mattr=+sse2 -mattr=+sse3 -mattr=+ssse3 -mattr=+sse4a -mattr=+sse4.1 -mattr=+sse4.2 -mattr=+avx -mattr=+avx2 -mattr=+f16c -mattr=+fma -mattr=+xsave -mattr=+xsaveopt -mattr=+xsavec -mattr=+xsaves -mattr=+popcnt -mattr=+sha -mattr=+aes -mattr=+pclmul -mattr=+clflushopt -mattr=+fsgsbase -mattr=+rdrnd -mattr=+bmi -mattr=+bmi2 -mattr=+lzcnt -mattr=+fxsr -mattr=+mwaitx -mattr=+clzero -mattr=+pku -mattr=+vaes -mattr=+vpclmulqdq -O1 -non-global-value-max-name-size=4294967295 -x86-cmov-converter=0 -dwarf-directory=false --align-all-functions=6 -filetype=obj --frame-pointer=none -o /tmp/nvfortranMP4LeYcK031go.o

/home/lucas/apps/compilers/nvidia/hpc_sdk/Linux_x86_64/23.1/compilers/bin/tools/append -noerror /tmp/nvfortranMP4LeYcK031go.o -name .IPDINFO /tmp/nvfortranMP4LeYDxJQXSc.cmod -name .IPEINFO /tmp/nvfortranwP4LecmtPhmt4.cmdx

/usr/bin/ld /usr/lib64/crt1.o /usr/lib64/crti.o /home/lucas/apps/compilers/nvidia/hpc_sdk/Linux_x86_64/23.1/compilers/lib/trace_init.o /usr/lib/gcc/x86_64-pc-linux-gnu/12.2.1/crtbegin.o /home/lucas/apps/compilers/nvidia/hpc_sdk/Linux_x86_64/23.1/compilers/lib/f90main.o --eh-frame-hdr -m elf_x86_64 -dynamic-linker /lib64/ld-linux-x86-64.so.2 -T /home/lucas/apps/compilers/nvidia/hpc_sdk/Linux_x86_64/23.1/compilers/lib/nvhpc.ld -L/home/lucas/apps/compilers/nvidia/hpc_sdk/Linux_x86_64/23.1/comm_libs/hpcx/hpcx-2.13/ompi/lib -L/home/lucas/apps/libraries/hdf5/1.14.0/nvidia/23.1/lib -L/home/lucas/apps/compilers/nvidia/hpc_sdk/Linux_x86_64/23.1/comm_libs/hpcx/hpcx-2.13/ompi/lib -L/home/lucas/apps/compilers/nvidia/hpc_sdk/Linux_x86_64/23.1/comm_libs/hpcx/hpcx-2.13/nccl_rdma_sharp_plugin/lib -L/home/lucas/apps/compilers/nvidia/hpc_sdk/Linux_x86_64/23.1/comm_libs/hpcx/hpcx-2.13/sharp/lib -L/home/lucas/apps/compilers/nvidia/hpc_sdk/Linux_x86_64/23.1/comm_libs/hpcx/hpcx-2.13/hcoll/lib -L/home/lucas/apps/compilers/nvidia/hpc_sdk/Linux_x86_64/23.1/comm_libs/hpcx/hpcx-2.13/ucc/lib -L/home/lucas/apps/compilers/nvidia/hpc_sdk/Linux_x86_64/23.1/comm_libs/hpcx/hpcx-2.13/ucx/lib -L/home/lucas/apps/compilers/nvidia/hpc_sdk/Linux_x86_64/23.1/compilers/lib -L/usr/lib64 -L/usr/lib/gcc/x86_64-pc-linux-gnu/12.2.1 /tmp/nvfortranMP4LeYcK031go.o -rpath /home/lucas/apps/compilers/nvidia/hpc_sdk/Linux_x86_64/23.1/comm_libs/hpcx/hpcx-2.13/ompi/lib -lmpi_usempif08 -lmpi_usempi_ignore_tkr -lmpi_mpifh -lmpi -rpath /home/lucas/apps/compilers/nvidia/hpc_sdk/Linux_x86_64/23.1/compilers/lib -rpath /usr/lib/gcc/x86_64-pc-linux-gnu/12.2.1/../../../../lib64 -L/usr/lib/gcc/x86_64-pc-linux-gnu/12.2.1/../../../../lib64 -lnvf -lnvomp -ldl --as-needed -lnvhpcatm -latomic --no-as-needed -lpthread -lnvcpumath -lnsnvc -lnvc -lrt -lpthread -lgcc -lc -lgcc_s -lm /usr/lib/gcc/x86_64-pc-linux-gnu/12.2.1/crtend.o /usr/lib64/crtn.o
Unlinking /tmp/nvfortranwP4LecFMuA0zQ.ilm
Unlinking /tmp/nvfortrangP4LesxACxTLn.cci
Unlinking /tmp/nvfortran2P4LeIrT6dCTm.stb
Unlinking /tmp/nvfortranMP4LeYDxJQXSc.cmod
Unlinking /tmp/nvfortranwP4LecmtPhmt4.cmdx
Unlinking /tmp/nvfortrangP4LesSS2e_SS.s
Unlinking /tmp/nvfortran2P4LeIoshrrC6.ll
Unlinking /tmp/nvfortranMP4LeYcK031go.o
Unlinking /tmp/nvfortranwP4LeczeKh2N4.llvm


Compilation of the Fortran compiler identification source "CMakeFortranCompilerId.F" produced "a.out"

The Fortran compiler identification is NVHPC, found in "/home/lucas/Documents/testLinkLibraryNVHPC/build/CMakeFiles/3.25.3/CompilerIdFortran/a.out"

Detecting C compiler ABI info compiled with the following output:
Change Dir: /home/lucas/Documents/testLinkLibraryNVHPC/build/CMakeFiles/CMakeScratch/TryCompile-60DAYG

Run Build Command(s):/usr/bin/make -f Makefile cmTC_76a20/fast && /usr/bin/make  -f CMakeFiles/cmTC_76a20.dir/build.make CMakeFiles/cmTC_76a20.dir/build
make[1]: Entering directory '/home/lucas/Documents/testLinkLibraryNVHPC/build/CMakeFiles/CMakeScratch/TryCompile-60DAYG'
Building C object CMakeFiles/cmTC_76a20.dir/CMakeCCompilerABI.c.o
/home/lucas/apps/compilers/nvidia/hpc_sdk/Linux_x86_64/23.1/comm_libs/hpcx/hpcx-2.13/ompi/bin/mpicc   -v -MD -MT CMakeFiles/cmTC_76a20.dir/CMakeCCompilerABI.c.o -MF CMakeFiles/cmTC_76a20.dir/CMakeCCompilerABI.c.o.d -o CMakeFiles/cmTC_76a20.dir/CMakeCCompilerABI.c.o -c /usr/share/cmake/Modules/CMakeCCompilerABI.c
Export NVCOMPILER=/home/lucas/apps/compilers/nvidia/hpc_sdk/Linux_x86_64/23.1
Export PGI=/home/lucas/apps/compilers/nvidia/hpc_sdk
Create file CMakeFiles/cmTC_76a20.dir/CMakeCCompilerABI.c.o.d

/home/lucas/apps/compilers/nvidia/hpc_sdk/Linux_x86_64/23.1/compilers/bin/tools/cpp1 --llalign -Dunix -D__unix -D__unix__ -Dlinux -D__linux -D__linux__ -D__NO_MATH_INLINES -D__LP64__ -D__x86_64 -D__x86_64__ -D__LONG_MAX__=9223372036854775807L '-D__SIZE_TYPE__=unsigned long int' '-D__PTRDIFF_TYPE__=long int' -D__amd64 -D__amd64__ -D__k8 -D__k8__ -D__MMX__ -D__SSE__ -D__SSE2__ -D__SSE3__ -D__SSSE3__ -D__SSE4A__ -D__ABM__ -D__SSE4_1__ -D__SSE4_2__ -D__AVX__ -D__AVX2__ -D__F16C__ -D__FMA__ -D__XSAVE__ -D__XSAVEOPT__ -D__XSAVEC__ -D__XSAVES__ -D__POPCNT__ -D__SHA__ -D__AES__ -D__PCLMUL__ -D__CLFLUSHOPT__ -D__FSGSBASE__ -D__RDRND__ -D__BMI__ -D__BMI2__ -D__LZCNT__ -D__FXSR__ -D__MWAITX__ -D__CLZERO__ -D__PKU__ -D__VAES__ -D__VPCLMULQDQ__ -D__PGI -D__NVCOMPILER -D_PGCG_SOURCE --c -I- -I/home/lucas/apps/compilers/nvidia/hpc_sdk/Linux_x86_64/23.1/comm_libs/hpcx/hpcx-2.13/ompi/include -I/home/lucas/apps/compilers/nvidia/hpc_sdk/Linux_x86_64/23.1/comm_libs/hpcx/hpcx-2.13/ompi/include/openmpi -I/home/lucas/apps/compilers/nvidia/hpc_sdk/Linux_x86_64/23.1/comm_libs/hpcx/hpcx-2.13/ompi/include/openmpi/opal/mca/hwloc/hwloc201/hwloc/include -I/home/lucas/apps/compilers/nvidia/hpc_sdk/Linux_x86_64/23.1/comm_libs/hpcx/hpcx-2.13/ompi/include/openmpi/opal/mca/event/libevent2022/libevent -I/home/lucas/apps/compilers/nvidia/hpc_sdk/Linux_x86_64/23.1/comm_libs/hpcx/hpcx-2.13/ompi/include/openmpi/opal/mca/event/libevent2022/libevent/include -I/home/lucas/apps/compilers/nvidia/hpc_sdk/Linux_x86_64/23.1/comm_libs/hpcx/hpcx-2.13/ompi/include -I/home/lucas/apps/compilers/nvidia/hpc_sdk/Linux_x86_64/23.1/comm_libs/hpcx/hpcx-2.13/ucc/include -I/home/lucas/apps/compilers/nvidia/hpc_sdk/Linux_x86_64/23.1/comm_libs/hpcx/hpcx-2.13/ucx/include -I/home/lucas/apps/compilers/nvidia/hpc_sdk/Linux_x86_64/23.1/comm_libs/hpcx/hpcx-2.13/sharp/include -I/home/lucas/apps/compilers/nvidia/hpc_sdk/Linux_x86_64/23.1/comm_libs/hpcx/hpcx-2.13/hcoll/include -I/home/lucas/apps/compilers/nvidia/hpc_sdk/Linux_x86_64/23.1/compilers/extras/qd/include/qd -I/home/lucas/apps/compilers/nvidia/hpc_sdk/Linux_x86_64/23.1/comm_libs/nvshmem/include -I/home/lucas/apps/compilers/nvidia/hpc_sdk/Linux_x86_64/23.1/comm_libs/nccl/include -I/home/lucas/apps/compilers/nvidia/hpc_sdk/Linux_x86_64/23.1/math_libs/include --sys_include /home/lucas/apps/compilers/nvidia/hpc_sdk/Linux_x86_64/23.1/compilers/include --sys_include /home/lucas/apps/compilers/nvidia/hpc_sdk/Linux_x86_64/23.1/compilers/include-stdexec --sys_include /usr/lib/gcc/x86_64-pc-linux-gnu/12.2.1/include --sys_include /usr/local/include --sys_include /usr/lib/gcc/x86_64-pc-linux-gnu/12.2.1/include-fixed --sys_include /usr/include -D__PGLLVM__ -D__NVCOMPILER_LLVM__ -D__extension__= -D_REENTRANT --preinclude _cplus_preinclude.h --preinclude_macros _cplus_macros.h --gnu_version=120201 -D__pgnu_vsn=120201 --no_fixed_bp --dependencies_target_to_stdout CMakeFiles/cmTC_76a20.dir/CMakeCCompilerABI.c.o --dependencies_to_file CMakeFiles/cmTC_76a20.dir/CMakeCCompilerABI.c.o.d -q -o /tmp/nvct64Le5lC-vdl_.il /usr/share/cmake/Modules/CMakeCCompilerABI.c

/home/lucas/apps/compilers/nvidia/hpc_sdk/Linux_x86_64/23.1/compilers/bin/tools/cpp2 /usr/share/cmake/Modules/CMakeCCompilerABI.c -opt 1 -x 119 0xa10000 -x 122 0x40 -x 123 0x1000 -x 127 4 -x 127 17 -x 19 0x400000 -x 28 0x40000 -x 120 0x10000000 -x 70 0x8000 -x 122 1 -x 125 0x20000 -quad -x 59 4 -tp zen3 -x 120 0x1000 -astype 0 -x 121 1 -fn /usr/share/cmake/Modules/CMakeCCompilerABI.c -il /tmp/nvct64Le5lC-vdl_.il -x 123 0x80000000 -x 123 4 -x 2 0x400 -x 119 0x20 -def __pgnu_vsn=120201 -x 70 0x40000000 -x 183 4 -x 121 0x800 -x 6 0x20000 -x 122 0x400000 -y 125 0x100000 -x 249 140 -x 120 0x200000 -x 70 0x40000000 -x 8 0x40000000 -x 164 0x800000 -x 71 0x2000 -x 71 0x4000 -x 34 0x40000000 -x 83 0x1 -x 85 0x1 -x 206 0x02 -x 120 0x1000000 -x 68 0x1 -x 39 4 -x 56 0x10 -x 26 0x10 -x 26 1 -x 56 0x4000 -x 197 0 -x 175 0 -x 203 0 -x 204 0 -y 163 0xc0000000 -x 189 0x10 -y 189 0x4000000 -x 60 512 -gnuvsn 120201 -x 69 0x200 -x 123 0x400 -cmdline '+nvc /tmp/nvct64Le5lC-vdl_.il -v -MD -MT CMakeFiles/cmTC_76a20.dir/CMakeCCompilerABI.c.o -MF CMakeFiles/cmTC_76a20.dir/CMakeCCompilerABI.c.o.d -o CMakeFiles/cmTC_76a20.dir/CMakeCCompilerABI.c.o -c -I/home/lucas/apps/compilers/nvidia/hpc_sdk/Linux_x86_64/23.1/comm_libs/hpcx/hpcx-2.13/ompi/include -I/home/lucas/apps/compilers/nvidia/hpc_sdk/Linux_x86_64/23.1/comm_libs/hpcx/hpcx-2.13/ompi/include/openmpi -I/home/lucas/apps/compilers/nvidia/hpc_sdk/Linux_x86_64/23.1/comm_libs/hpcx/hpcx-2.13/ompi/include/openmpi/opal/mca/hwloc/hwloc201/hwloc/include -I/home/lucas/apps/compilers/nvidia/hpc_sdk/Linux_x86_64/23.1/comm_libs/hpcx/hpcx-2.13/ompi/include/openmpi/opal/mca/event/libevent2022/libevent -I/home/lucas/apps/compilers/nvidia/hpc_sdk/Linux_x86_64/23.1/comm_libs/hpcx/hpcx-2.13/ompi/include/openmpi/opal/mca/event/libevent2022/libevent/include -pthread' -asm /tmp/nvcd64LejdRvtG_X.ll
NVC++/x86-64 Linux 23.1-0: compilation successful

/home/lucas/apps/compilers/nvidia/hpc_sdk/Linux_x86_64/23.1/compilers/share/llvm/bin/llc /tmp/nvcd64LejdRvtG_X.ll -march=x86-64 -mcpu=native -mattr=+mmx -mattr=+sse -mattr=+sse2 -mattr=+sse3 -mattr=+ssse3 -mattr=+sse4a -mattr=+sse4.1 -mattr=+sse4.2 -mattr=+avx -mattr=+avx2 -mattr=+f16c -mattr=+fma -mattr=+xsave -mattr=+xsaveopt -mattr=+xsavec -mattr=+xsaves -mattr=+popcnt -mattr=+sha -mattr=+aes -mattr=+pclmul -mattr=+clflushopt -mattr=+fsgsbase -mattr=+rdrnd -mattr=+bmi -mattr=+bmi2 -mattr=+lzcnt -mattr=+fxsr -mattr=+mwaitx -mattr=+clzero -mattr=+pku -mattr=+vaes -mattr=+vpclmulqdq -O1 -non-global-value-max-name-size=4294967295 -x86-cmov-converter=0 -dwarf-directory=false --align-all-functions=6 -filetype=obj --frame-pointer=none -o CMakeFiles/cmTC_76a20.dir/CMakeCCompilerABI.c.o
Unlinking /tmp/nvct64Le5lC-vdl_.il
Unlinking /tmp/nvcR64LebRDWdOgd.s
Unlinking /tmp/nvcd64LejdRvtG_X.ll
Unlinking /tmp/nvcB64LerCJWzJvx.llvm
Linking C executable cmTC_76a20
/usr/bin/cmake -E cmake_link_script CMakeFiles/cmTC_76a20.dir/link.txt --verbose=1
/home/lucas/apps/compilers/nvidia/hpc_sdk/Linux_x86_64/23.1/comm_libs/hpcx/hpcx-2.13/ompi/bin/mpicc  -v CMakeFiles/cmTC_76a20.dir/CMakeCCompilerABI.c.o -o cmTC_76a20 
Export NVCOMPILER=/home/lucas/apps/compilers/nvidia/hpc_sdk/Linux_x86_64/23.1
Export PGI=/home/lucas/apps/compilers/nvidia/hpc_sdk

/usr/bin/ld /usr/lib64/crt1.o /usr/lib64/crti.o /home/lucas/apps/compilers/nvidia/hpc_sdk/Linux_x86_64/23.1/compilers/lib/trace_init.o /usr/lib/gcc/x86_64-pc-linux-gnu/12.2.1/crtbegin.o --eh-frame-hdr -m elf_x86_64 -dynamic-linker /lib64/ld-linux-x86-64.so.2 -T /home/lucas/apps/compilers/nvidia/hpc_sdk/Linux_x86_64/23.1/compilers/lib/nvhpc.ld -L/home/lucas/apps/compilers/nvidia/hpc_sdk/Linux_x86_64/23.1/comm_libs/hpcx/hpcx-2.13/ompi/lib -L/home/lucas/apps/libraries/hdf5/1.14.0/nvidia/23.1/lib -L/home/lucas/apps/compilers/nvidia/hpc_sdk/Linux_x86_64/23.1/comm_libs/hpcx/hpcx-2.13/ompi/lib -L/home/lucas/apps/compilers/nvidia/hpc_sdk/Linux_x86_64/23.1/comm_libs/hpcx/hpcx-2.13/nccl_rdma_sharp_plugin/lib -L/home/lucas/apps/compilers/nvidia/hpc_sdk/Linux_x86_64/23.1/comm_libs/hpcx/hpcx-2.13/sharp/lib -L/home/lucas/apps/compilers/nvidia/hpc_sdk/Linux_x86_64/23.1/comm_libs/hpcx/hpcx-2.13/hcoll/lib -L/home/lucas/apps/compilers/nvidia/hpc_sdk/Linux_x86_64/23.1/comm_libs/hpcx/hpcx-2.13/ucc/lib -L/home/lucas/apps/compilers/nvidia/hpc_sdk/Linux_x86_64/23.1/comm_libs/hpcx/hpcx-2.13/ucx/lib -L/home/lucas/apps/compilers/nvidia/hpc_sdk/Linux_x86_64/23.1/compilers/lib -L/usr/lib64 -L/usr/lib/gcc/x86_64-pc-linux-gnu/12.2.1 CMakeFiles/cmTC_76a20.dir/CMakeCCompilerABI.c.o -rpath /home/lucas/apps/compilers/nvidia/hpc_sdk/Linux_x86_64/23.1/comm_libs/hpcx/hpcx-2.13/ompi/lib --enable-new-dtags -lmpi -rpath /home/lucas/apps/compilers/nvidia/hpc_sdk/Linux_x86_64/23.1/compilers/lib -rpath /usr/lib/gcc/x86_64-pc-linux-gnu/12.2.1/../../../../lib64 -o cmTC_76a20 -L/usr/lib/gcc/x86_64-pc-linux-gnu/12.2.1/../../../../lib64 -lnvomp -ldl --as-needed -lnvhpcatm -latomic --no-as-needed -lpthread -lnvcpumath -lnsnvc -lnvc -lgcc -lc -lgcc_s -lm /usr/lib/gcc/x86_64-pc-linux-gnu/12.2.1/crtend.o /usr/lib64/crtn.o
make[1]: Leaving directory '/home/lucas/Documents/testLinkLibraryNVHPC/build/CMakeFiles/CMakeScratch/TryCompile-60DAYG'



Parsed C implicit include dir info from above output: rv=start
  warn: unable to parse implicit include dirs!


Parsed C implicit link information from above output:
  link line regex: [^( *|.*[/\])(ld|CMAKE_LINK_STARTFILE-NOTFOUND|([^/\]+-)?ld|collect2)[^/\]*( |$)]
  ignore line: [Change Dir: /home/lucas/Documents/testLinkLibraryNVHPC/build/CMakeFiles/CMakeScratch/TryCompile-60DAYG]
  ignore line: []
  ignore line: [Run Build Command(s):/usr/bin/make -f Makefile cmTC_76a20/fast && /usr/bin/make  -f CMakeFiles/cmTC_76a20.dir/build.make CMakeFiles/cmTC_76a20.dir/build]
  ignore line: [make[1]: Entering directory '/home/lucas/Documents/testLinkLibraryNVHPC/build/CMakeFiles/CMakeScratch/TryCompile-60DAYG']
  ignore line: [Building C object CMakeFiles/cmTC_76a20.dir/CMakeCCompilerABI.c.o]
  ignore line: [/home/lucas/apps/compilers/nvidia/hpc_sdk/Linux_x86_64/23.1/comm_libs/hpcx/hpcx-2.13/ompi/bin/mpicc   -v -MD -MT CMakeFiles/cmTC_76a20.dir/CMakeCCompilerABI.c.o -MF CMakeFiles/cmTC_76a20.dir/CMakeCCompilerABI.c.o.d -o CMakeFiles/cmTC_76a20.dir/CMakeCCompilerABI.c.o -c /usr/share/cmake/Modules/CMakeCCompilerABI.c]
  ignore line: [Export NVCOMPILER=/home/lucas/apps/compilers/nvidia/hpc_sdk/Linux_x86_64/23.1]
  ignore line: [Export PGI=/home/lucas/apps/compilers/nvidia/hpc_sdk]
  ignore line: [Create file CMakeFiles/cmTC_76a20.dir/CMakeCCompilerABI.c.o.d]
  ignore line: []
  ignore line: [/home/lucas/apps/compilers/nvidia/hpc_sdk/Linux_x86_64/23.1/compilers/bin/tools/cpp1 --llalign -Dunix -D__unix -D__unix__ -Dlinux -D__linux -D__linux__ -D__NO_MATH_INLINES -D__LP64__ -D__x86_64 -D__x86_64__ -D__LONG_MAX__=9223372036854775807L '-D__SIZE_TYPE__=unsigned long int' '-D__PTRDIFF_TYPE__=long int' -D__amd64 -D__amd64__ -D__k8 -D__k8__ -D__MMX__ -D__SSE__ -D__SSE2__ -D__SSE3__ -D__SSSE3__ -D__SSE4A__ -D__ABM__ -D__SSE4_1__ -D__SSE4_2__ -D__AVX__ -D__AVX2__ -D__F16C__ -D__FMA__ -D__XSAVE__ -D__XSAVEOPT__ -D__XSAVEC__ -D__XSAVES__ -D__POPCNT__ -D__SHA__ -D__AES__ -D__PCLMUL__ -D__CLFLUSHOPT__ -D__FSGSBASE__ -D__RDRND__ -D__BMI__ -D__BMI2__ -D__LZCNT__ -D__FXSR__ -D__MWAITX__ -D__CLZERO__ -D__PKU__ -D__VAES__ -D__VPCLMULQDQ__ -D__PGI -D__NVCOMPILER -D_PGCG_SOURCE --c -I- -I/home/lucas/apps/compilers/nvidia/hpc_sdk/Linux_x86_64/23.1/comm_libs/hpcx/hpcx-2.13/ompi/include -I/home/lucas/apps/compilers/nvidia/hpc_sdk/Linux_x86_64/23.1/comm_libs/hpcx/hpcx-2.13/ompi/include/openmpi -I/home/lucas/apps/compilers/nvidia/hpc_sdk/Linux_x86_64/23.1/comm_libs/hpcx/hpcx-2.13/ompi/include/openmpi/opal/mca/hwloc/hwloc201/hwloc/include -I/home/lucas/apps/compilers/nvidia/hpc_sdk/Linux_x86_64/23.1/comm_libs/hpcx/hpcx-2.13/ompi/include/openmpi/opal/mca/event/libevent2022/libevent -I/home/lucas/apps/compilers/nvidia/hpc_sdk/Linux_x86_64/23.1/comm_libs/hpcx/hpcx-2.13/ompi/include/openmpi/opal/mca/event/libevent2022/libevent/include -I/home/lucas/apps/compilers/nvidia/hpc_sdk/Linux_x86_64/23.1/comm_libs/hpcx/hpcx-2.13/ompi/include -I/home/lucas/apps/compilers/nvidia/hpc_sdk/Linux_x86_64/23.1/comm_libs/hpcx/hpcx-2.13/ucc/include -I/home/lucas/apps/compilers/nvidia/hpc_sdk/Linux_x86_64/23.1/comm_libs/hpcx/hpcx-2.13/ucx/include -I/home/lucas/apps/compilers/nvidia/hpc_sdk/Linux_x86_64/23.1/comm_libs/hpcx/hpcx-2.13/sharp/include -I/home/lucas/apps/compilers/nvidia/hpc_sdk/Linux_x86_64/23.1/comm_libs/hpcx/hpcx-2.13/hcoll/include -I/home/lucas/apps/compilers/nvidia/hpc_sdk/Linux_x86_64/23.1/compilers/extras/qd/include/qd -I/home/lucas/apps/compilers/nvidia/hpc_sdk/Linux_x86_64/23.1/comm_libs/nvshmem/include -I/home/lucas/apps/compilers/nvidia/hpc_sdk/Linux_x86_64/23.1/comm_libs/nccl/include -I/home/lucas/apps/compilers/nvidia/hpc_sdk/Linux_x86_64/23.1/math_libs/include --sys_include /home/lucas/apps/compilers/nvidia/hpc_sdk/Linux_x86_64/23.1/compilers/include --sys_include /home/lucas/apps/compilers/nvidia/hpc_sdk/Linux_x86_64/23.1/compilers/include-stdexec --sys_include /usr/lib/gcc/x86_64-pc-linux-gnu/12.2.1/include --sys_include /usr/local/include --sys_include /usr/lib/gcc/x86_64-pc-linux-gnu/12.2.1/include-fixed --sys_include /usr/include -D__PGLLVM__ -D__NVCOMPILER_LLVM__ -D__extension__= -D_REENTRANT --preinclude _cplus_preinclude.h --preinclude_macros _cplus_macros.h --gnu_version=120201 -D__pgnu_vsn=120201 --no_fixed_bp --dependencies_target_to_stdout CMakeFiles/cmTC_76a20.dir/CMakeCCompilerABI.c.o --dependencies_to_file CMakeFiles/cmTC_76a20.dir/CMakeCCompilerABI.c.o.d -q -o /tmp/nvct64Le5lC-vdl_.il /usr/share/cmake/Modules/CMakeCCompilerABI.c]
  ignore line: []
  ignore line: [/home/lucas/apps/compilers/nvidia/hpc_sdk/Linux_x86_64/23.1/compilers/bin/tools/cpp2 /usr/share/cmake/Modules/CMakeCCompilerABI.c -opt 1 -x 119 0xa10000 -x 122 0x40 -x 123 0x1000 -x 127 4 -x 127 17 -x 19 0x400000 -x 28 0x40000 -x 120 0x10000000 -x 70 0x8000 -x 122 1 -x 125 0x20000 -quad -x 59 4 -tp zen3 -x 120 0x1000 -astype 0 -x 121 1 -fn /usr/share/cmake/Modules/CMakeCCompilerABI.c -il /tmp/nvct64Le5lC-vdl_.il -x 123 0x80000000 -x 123 4 -x 2 0x400 -x 119 0x20 -def __pgnu_vsn=120201 -x 70 0x40000000 -x 183 4 -x 121 0x800 -x 6 0x20000 -x 122 0x400000 -y 125 0x100000 -x 249 140 -x 120 0x200000 -x 70 0x40000000 -x 8 0x40000000 -x 164 0x800000 -x 71 0x2000 -x 71 0x4000 -x 34 0x40000000 -x 83 0x1 -x 85 0x1 -x 206 0x02 -x 120 0x1000000 -x 68 0x1 -x 39 4 -x 56 0x10 -x 26 0x10 -x 26 1 -x 56 0x4000 -x 197 0 -x 175 0 -x 203 0 -x 204 0 -y 163 0xc0000000 -x 189 0x10 -y 189 0x4000000 -x 60 512 -gnuvsn 120201 -x 69 0x200 -x 123 0x400 -cmdline '+nvc /tmp/nvct64Le5lC-vdl_.il -v -MD -MT CMakeFiles/cmTC_76a20.dir/CMakeCCompilerABI.c.o -MF CMakeFiles/cmTC_76a20.dir/CMakeCCompilerABI.c.o.d -o CMakeFiles/cmTC_76a20.dir/CMakeCCompilerABI.c.o -c -I/home/lucas/apps/compilers/nvidia/hpc_sdk/Linux_x86_64/23.1/comm_libs/hpcx/hpcx-2.13/ompi/include -I/home/lucas/apps/compilers/nvidia/hpc_sdk/Linux_x86_64/23.1/comm_libs/hpcx/hpcx-2.13/ompi/include/openmpi -I/home/lucas/apps/compilers/nvidia/hpc_sdk/Linux_x86_64/23.1/comm_libs/hpcx/hpcx-2.13/ompi/include/openmpi/opal/mca/hwloc/hwloc201/hwloc/include -I/home/lucas/apps/compilers/nvidia/hpc_sdk/Linux_x86_64/23.1/comm_libs/hpcx/hpcx-2.13/ompi/include/openmpi/opal/mca/event/libevent2022/libevent -I/home/lucas/apps/compilers/nvidia/hpc_sdk/Linux_x86_64/23.1/comm_libs/hpcx/hpcx-2.13/ompi/include/openmpi/opal/mca/event/libevent2022/libevent/include -pthread' -asm /tmp/nvcd64LejdRvtG_X.ll]
  ignore line: [NVC++/x86-64 Linux 23.1-0: compilation successful]
  ignore line: []
  ignore line: [/home/lucas/apps/compilers/nvidia/hpc_sdk/Linux_x86_64/23.1/compilers/share/llvm/bin/llc /tmp/nvcd64LejdRvtG_X.ll -march=x86-64 -mcpu=native -mattr=+mmx -mattr=+sse -mattr=+sse2 -mattr=+sse3 -mattr=+ssse3 -mattr=+sse4a -mattr=+sse4.1 -mattr=+sse4.2 -mattr=+avx -mattr=+avx2 -mattr=+f16c -mattr=+fma -mattr=+xsave -mattr=+xsaveopt -mattr=+xsavec -mattr=+xsaves -mattr=+popcnt -mattr=+sha -mattr=+aes -mattr=+pclmul -mattr=+clflushopt -mattr=+fsgsbase -mattr=+rdrnd -mattr=+bmi -mattr=+bmi2 -mattr=+lzcnt -mattr=+fxsr -mattr=+mwaitx -mattr=+clzero -mattr=+pku -mattr=+vaes -mattr=+vpclmulqdq -O1 -non-global-value-max-name-size=4294967295 -x86-cmov-converter=0 -dwarf-directory=false --align-all-functions=6 -filetype=obj --frame-pointer=none -o CMakeFiles/cmTC_76a20.dir/CMakeCCompilerABI.c.o]
  ignore line: [Unlinking /tmp/nvct64Le5lC-vdl_.il]
  ignore line: [Unlinking /tmp/nvcR64LebRDWdOgd.s]
  ignore line: [Unlinking /tmp/nvcd64LejdRvtG_X.ll]
  ignore line: [Unlinking /tmp/nvcB64LerCJWzJvx.llvm]
  ignore line: [Linking C executable cmTC_76a20]
  ignore line: [/usr/bin/cmake -E cmake_link_script CMakeFiles/cmTC_76a20.dir/link.txt --verbose=1]
  ignore line: [/home/lucas/apps/compilers/nvidia/hpc_sdk/Linux_x86_64/23.1/comm_libs/hpcx/hpcx-2.13/ompi/bin/mpicc  -v CMakeFiles/cmTC_76a20.dir/CMakeCCompilerABI.c.o -o cmTC_76a20 ]
  ignore line: [Export NVCOMPILER=/home/lucas/apps/compilers/nvidia/hpc_sdk/Linux_x86_64/23.1]
  ignore line: [Export PGI=/home/lucas/apps/compilers/nvidia/hpc_sdk]
  ignore line: []
  link line: [/usr/bin/ld /usr/lib64/crt1.o /usr/lib64/crti.o /home/lucas/apps/compilers/nvidia/hpc_sdk/Linux_x86_64/23.1/compilers/lib/trace_init.o /usr/lib/gcc/x86_64-pc-linux-gnu/12.2.1/crtbegin.o --eh-frame-hdr -m elf_x86_64 -dynamic-linker /lib64/ld-linux-x86-64.so.2 -T /home/lucas/apps/compilers/nvidia/hpc_sdk/Linux_x86_64/23.1/compilers/lib/nvhpc.ld -L/home/lucas/apps/compilers/nvidia/hpc_sdk/Linux_x86_64/23.1/comm_libs/hpcx/hpcx-2.13/ompi/lib -L/home/lucas/apps/libraries/hdf5/1.14.0/nvidia/23.1/lib -L/home/lucas/apps/compilers/nvidia/hpc_sdk/Linux_x86_64/23.1/comm_libs/hpcx/hpcx-2.13/ompi/lib -L/home/lucas/apps/compilers/nvidia/hpc_sdk/Linux_x86_64/23.1/comm_libs/hpcx/hpcx-2.13/nccl_rdma_sharp_plugin/lib -L/home/lucas/apps/compilers/nvidia/hpc_sdk/Linux_x86_64/23.1/comm_libs/hpcx/hpcx-2.13/sharp/lib -L/home/lucas/apps/compilers/nvidia/hpc_sdk/Linux_x86_64/23.1/comm_libs/hpcx/hpcx-2.13/hcoll/lib -L/home/lucas/apps/compilers/nvidia/hpc_sdk/Linux_x86_64/23.1/comm_libs/hpcx/hpcx-2.13/ucc/lib -L/home/lucas/apps/compilers/nvidia/hpc_sdk/Linux_x86_64/23.1/comm_libs/hpcx/hpcx-2.13/ucx/lib -L/home/lucas/apps/compilers/nvidia/hpc_sdk/Linux_x86_64/23.1/compilers/lib -L/usr/lib64 -L/usr/lib/gcc/x86_64-pc-linux-gnu/12.2.1 CMakeFiles/cmTC_76a20.dir/CMakeCCompilerABI.c.o -rpath /home/lucas/apps/compilers/nvidia/hpc_sdk/Linux_x86_64/23.1/comm_libs/hpcx/hpcx-2.13/ompi/lib --enable-new-dtags -lmpi -rpath /home/lucas/apps/compilers/nvidia/hpc_sdk/Linux_x86_64/23.1/compilers/lib -rpath /usr/lib/gcc/x86_64-pc-linux-gnu/12.2.1/../../../../lib64 -o cmTC_76a20 -L/usr/lib/gcc/x86_64-pc-linux-gnu/12.2.1/../../../../lib64 -lnvomp -ldl --as-needed -lnvhpcatm -latomic --no-as-needed -lpthread -lnvcpumath -lnsnvc -lnvc -lgcc -lc -lgcc_s -lm /usr/lib/gcc/x86_64-pc-linux-gnu/12.2.1/crtend.o /usr/lib64/crtn.o]
    arg [/usr/bin/ld] ==> ignore
    arg [/usr/lib64/crt1.o] ==> obj [/usr/lib64/crt1.o]
    arg [/usr/lib64/crti.o] ==> obj [/usr/lib64/crti.o]
    arg [/home/lucas/apps/compilers/nvidia/hpc_sdk/Linux_x86_64/23.1/compilers/lib/trace_init.o] ==> obj [/home/lucas/apps/compilers/nvidia/hpc_sdk/Linux_x86_64/23.1/compilers/lib/trace_init.o]
    arg [/usr/lib/gcc/x86_64-pc-linux-gnu/12.2.1/crtbegin.o] ==> obj [/usr/lib/gcc/x86_64-pc-linux-gnu/12.2.1/crtbegin.o]
    arg [--eh-frame-hdr] ==> ignore
    arg [-m] ==> ignore
    arg [elf_x86_64] ==> ignore
    arg [-dynamic-linker] ==> ignore
    arg [/lib64/ld-linux-x86-64.so.2] ==> ignore
    arg [-T] ==> ignore
    arg [/home/lucas/apps/compilers/nvidia/hpc_sdk/Linux_x86_64/23.1/compilers/lib/nvhpc.ld] ==> ignore
    arg [-L/home/lucas/apps/compilers/nvidia/hpc_sdk/Linux_x86_64/23.1/comm_libs/hpcx/hpcx-2.13/ompi/lib] ==> dir [/home/lucas/apps/compilers/nvidia/hpc_sdk/Linux_x86_64/23.1/comm_libs/hpcx/hpcx-2.13/ompi/lib]
    arg [-L/home/lucas/apps/libraries/hdf5/1.14.0/nvidia/23.1/lib] ==> dir [/home/lucas/apps/libraries/hdf5/1.14.0/nvidia/23.1/lib]
    arg [-L/home/lucas/apps/compilers/nvidia/hpc_sdk/Linux_x86_64/23.1/comm_libs/hpcx/hpcx-2.13/ompi/lib] ==> dir [/home/lucas/apps/compilers/nvidia/hpc_sdk/Linux_x86_64/23.1/comm_libs/hpcx/hpcx-2.13/ompi/lib]
    arg [-L/home/lucas/apps/compilers/nvidia/hpc_sdk/Linux_x86_64/23.1/comm_libs/hpcx/hpcx-2.13/nccl_rdma_sharp_plugin/lib] ==> dir [/home/lucas/apps/compilers/nvidia/hpc_sdk/Linux_x86_64/23.1/comm_libs/hpcx/hpcx-2.13/nccl_rdma_sharp_plugin/lib]
    arg [-L/home/lucas/apps/compilers/nvidia/hpc_sdk/Linux_x86_64/23.1/comm_libs/hpcx/hpcx-2.13/sharp/lib] ==> dir [/home/lucas/apps/compilers/nvidia/hpc_sdk/Linux_x86_64/23.1/comm_libs/hpcx/hpcx-2.13/sharp/lib]
    arg [-L/home/lucas/apps/compilers/nvidia/hpc_sdk/Linux_x86_64/23.1/comm_libs/hpcx/hpcx-2.13/hcoll/lib] ==> dir [/home/lucas/apps/compilers/nvidia/hpc_sdk/Linux_x86_64/23.1/comm_libs/hpcx/hpcx-2.13/hcoll/lib]
    arg [-L/home/lucas/apps/compilers/nvidia/hpc_sdk/Linux_x86_64/23.1/comm_libs/hpcx/hpcx-2.13/ucc/lib] ==> dir [/home/lucas/apps/compilers/nvidia/hpc_sdk/Linux_x86_64/23.1/comm_libs/hpcx/hpcx-2.13/ucc/lib]
    arg [-L/home/lucas/apps/compilers/nvidia/hpc_sdk/Linux_x86_64/23.1/comm_libs/hpcx/hpcx-2.13/ucx/lib] ==> dir [/home/lucas/apps/compilers/nvidia/hpc_sdk/Linux_x86_64/23.1/comm_libs/hpcx/hpcx-2.13/ucx/lib]
    arg [-L/home/lucas/apps/compilers/nvidia/hpc_sdk/Linux_x86_64/23.1/compilers/lib] ==> dir [/home/lucas/apps/compilers/nvidia/hpc_sdk/Linux_x86_64/23.1/compilers/lib]
    arg [-L/usr/lib64] ==> dir [/usr/lib64]
    arg [-L/usr/lib/gcc/x86_64-pc-linux-gnu/12.2.1] ==> dir [/usr/lib/gcc/x86_64-pc-linux-gnu/12.2.1]
    arg [CMakeFiles/cmTC_76a20.dir/CMakeCCompilerABI.c.o] ==> ignore
    arg [-rpath] ==> ignore
    arg [/home/lucas/apps/compilers/nvidia/hpc_sdk/Linux_x86_64/23.1/comm_libs/hpcx/hpcx-2.13/ompi/lib] ==> ignore
    arg [--enable-new-dtags] ==> ignore
    arg [-lmpi] ==> lib [mpi]
    arg [-rpath] ==> ignore
    arg [/home/lucas/apps/compilers/nvidia/hpc_sdk/Linux_x86_64/23.1/compilers/lib] ==> ignore
    arg [-rpath] ==> ignore
    arg [/usr/lib/gcc/x86_64-pc-linux-gnu/12.2.1/../../../../lib64] ==> ignore
    arg [-o] ==> ignore
    arg [cmTC_76a20] ==> ignore
    arg [-L/usr/lib/gcc/x86_64-pc-linux-gnu/12.2.1/../../../../lib64] ==> dir [/usr/lib/gcc/x86_64-pc-linux-gnu/12.2.1/../../../../lib64]
    arg [-lnvomp] ==> lib [nvomp]
    arg [-ldl] ==> lib [dl]
    arg [--as-needed] ==> ignore
    arg [-lnvhpcatm] ==> lib [nvhpcatm]
    arg [-latomic] ==> lib [atomic]
    arg [--no-as-needed] ==> ignore
    arg [-lpthread] ==> lib [pthread]
    arg [-lnvcpumath] ==> lib [nvcpumath]
    arg [-lnsnvc] ==> lib [nsnvc]
    arg [-lnvc] ==> lib [nvc]
    arg [-lgcc] ==> lib [gcc]
    arg [-lc] ==> lib [c]
    arg [-lgcc_s] ==> lib [gcc_s]
    arg [-lm] ==> lib [m]
    arg [/usr/lib/gcc/x86_64-pc-linux-gnu/12.2.1/crtend.o] ==> obj [/usr/lib/gcc/x86_64-pc-linux-gnu/12.2.1/crtend.o]
    arg [/usr/lib64/crtn.o] ==> obj [/usr/lib64/crtn.o]
  collapse library dir [/home/lucas/apps/compilers/nvidia/hpc_sdk/Linux_x86_64/23.1/comm_libs/hpcx/hpcx-2.13/ompi/lib] ==> [/home/lucas/apps/compilers/nvidia/hpc_sdk/Linux_x86_64/23.1/comm_libs/hpcx/hpcx-2.13/ompi/lib]
  collapse library dir [/home/lucas/apps/libraries/hdf5/1.14.0/nvidia/23.1/lib] ==> [/home/lucas/apps/libraries/hdf5/1.14.0/nvidia/23.1/lib]
  collapse library dir [/home/lucas/apps/compilers/nvidia/hpc_sdk/Linux_x86_64/23.1/comm_libs/hpcx/hpcx-2.13/ompi/lib] ==> [/home/lucas/apps/compilers/nvidia/hpc_sdk/Linux_x86_64/23.1/comm_libs/hpcx/hpcx-2.13/ompi/lib]
  collapse library dir [/home/lucas/apps/compilers/nvidia/hpc_sdk/Linux_x86_64/23.1/comm_libs/hpcx/hpcx-2.13/nccl_rdma_sharp_plugin/lib] ==> [/home/lucas/apps/compilers/nvidia/hpc_sdk/Linux_x86_64/23.1/comm_libs/hpcx/hpcx-2.13/nccl_rdma_sharp_plugin/lib]
  collapse library dir [/home/lucas/apps/compilers/nvidia/hpc_sdk/Linux_x86_64/23.1/comm_libs/hpcx/hpcx-2.13/sharp/lib] ==> [/home/lucas/apps/compilers/nvidia/hpc_sdk/Linux_x86_64/23.1/comm_libs/hpcx/hpcx-2.13/sharp/lib]
  collapse library dir [/home/lucas/apps/compilers/nvidia/hpc_sdk/Linux_x86_64/23.1/comm_libs/hpcx/hpcx-2.13/hcoll/lib] ==> [/home/lucas/apps/compilers/nvidia/hpc_sdk/Linux_x86_64/23.1/comm_libs/hpcx/hpcx-2.13/hcoll/lib]
  collapse library dir [/home/lucas/apps/compilers/nvidia/hpc_sdk/Linux_x86_64/23.1/comm_libs/hpcx/hpcx-2.13/ucc/lib] ==> [/home/lucas/apps/compilers/nvidia/hpc_sdk/Linux_x86_64/23.1/comm_libs/hpcx/hpcx-2.13/ucc/lib]
  collapse library dir [/home/lucas/apps/compilers/nvidia/hpc_sdk/Linux_x86_64/23.1/comm_libs/hpcx/hpcx-2.13/ucx/lib] ==> [/home/lucas/apps/compilers/nvidia/hpc_sdk/Linux_x86_64/23.1/comm_libs/hpcx/hpcx-2.13/ucx/lib]
  collapse library dir [/home/lucas/apps/compilers/nvidia/hpc_sdk/Linux_x86_64/23.1/compilers/lib] ==> [/home/lucas/apps/compilers/nvidia/hpc_sdk/Linux_x86_64/23.1/compilers/lib]
  collapse library dir [/usr/lib64] ==> [/usr/lib64]
  collapse library dir [/usr/lib/gcc/x86_64-pc-linux-gnu/12.2.1] ==> [/usr/lib/gcc/x86_64-pc-linux-gnu/12.2.1]
  collapse library dir [/usr/lib/gcc/x86_64-pc-linux-gnu/12.2.1/../../../../lib64] ==> [/usr/lib64]
  implicit libs: [mpi;nvomp;dl;nvhpcatm;atomic;pthread;nvcpumath;nsnvc;nvc;gcc;c;gcc_s;m]
  implicit objs: [/usr/lib64/crt1.o;/usr/lib64/crti.o;/home/lucas/apps/compilers/nvidia/hpc_sdk/Linux_x86_64/23.1/compilers/lib/trace_init.o;/usr/lib/gcc/x86_64-pc-linux-gnu/12.2.1/crtbegin.o;/usr/lib/gcc/x86_64-pc-linux-gnu/12.2.1/crtend.o;/usr/lib64/crtn.o]
  implicit dirs: [/home/lucas/apps/compilers/nvidia/hpc_sdk/Linux_x86_64/23.1/comm_libs/hpcx/hpcx-2.13/ompi/lib;/home/lucas/apps/libraries/hdf5/1.14.0/nvidia/23.1/lib;/home/lucas/apps/compilers/nvidia/hpc_sdk/Linux_x86_64/23.1/comm_libs/hpcx/hpcx-2.13/nccl_rdma_sharp_plugin/lib;/home/lucas/apps/compilers/nvidia/hpc_sdk/Linux_x86_64/23.1/comm_libs/hpcx/hpcx-2.13/sharp/lib;/home/lucas/apps/compilers/nvidia/hpc_sdk/Linux_x86_64/23.1/comm_libs/hpcx/hpcx-2.13/hcoll/lib;/home/lucas/apps/compilers/nvidia/hpc_sdk/Linux_x86_64/23.1/comm_libs/hpcx/hpcx-2.13/ucc/lib;/home/lucas/apps/compilers/nvidia/hpc_sdk/Linux_x86_64/23.1/comm_libs/hpcx/hpcx-2.13/ucx/lib;/home/lucas/apps/compilers/nvidia/hpc_sdk/Linux_x86_64/23.1/compilers/lib;/usr/lib64;/usr/lib/gcc/x86_64-pc-linux-gnu/12.2.1]
  implicit fwks: []


Detecting CXX compiler ABI info compiled with the following output:
Change Dir: /home/lucas/Documents/testLinkLibraryNVHPC/build/CMakeFiles/CMakeScratch/TryCompile-mozMCo

Run Build Command(s):/usr/bin/make -f Makefile cmTC_10314/fast && /usr/bin/make  -f CMakeFiles/cmTC_10314.dir/build.make CMakeFiles/cmTC_10314.dir/build
make[1]: Entering directory '/home/lucas/Documents/testLinkLibraryNVHPC/build/CMakeFiles/CMakeScratch/TryCompile-mozMCo'
Building CXX object CMakeFiles/cmTC_10314.dir/CMakeCXXCompilerABI.cpp.o
/home/lucas/apps/compilers/nvidia/hpc_sdk/Linux_x86_64/23.1/comm_libs/hpcx/hpcx-2.13/ompi/bin/mpicxx   -v -MD -MT CMakeFiles/cmTC_10314.dir/CMakeCXXCompilerABI.cpp.o -MF CMakeFiles/cmTC_10314.dir/CMakeCXXCompilerABI.cpp.o.d -o CMakeFiles/cmTC_10314.dir/CMakeCXXCompilerABI.cpp.o -c /usr/share/cmake/Modules/CMakeCXXCompilerABI.cpp
Export NVCOMPILER=/home/lucas/apps/compilers/nvidia/hpc_sdk/Linux_x86_64/23.1
Export PGI=/home/lucas/apps/compilers/nvidia/hpc_sdk
Create file CMakeFiles/cmTC_10314.dir/CMakeCXXCompilerABI.cpp.o.d

/home/lucas/apps/compilers/nvidia/hpc_sdk/Linux_x86_64/23.1/compilers/bin/tools/cpp1 --llalign -Dunix -D__unix -D__unix__ -Dlinux -D__linux -D__linux__ -D__NO_MATH_INLINES -D__LP64__ -D__x86_64 -D__x86_64__ -D__LONG_MAX__=9223372036854775807L '-D__SIZE_TYPE__=unsigned long int' '-D__PTRDIFF_TYPE__=long int' -D__amd64 -D__amd64__ -D__k8 -D__k8__ -D__MMX__ -D__SSE__ -D__SSE2__ -D__SSE3__ -D__SSSE3__ -D__SSE4A__ -D__ABM__ -D__SSE4_1__ -D__SSE4_2__ -D__AVX__ -D__AVX2__ -D__F16C__ -D__FMA__ -D__XSAVE__ -D__XSAVEOPT__ -D__XSAVEC__ -D__XSAVES__ -D__POPCNT__ -D__SHA__ -D__AES__ -D__PCLMUL__ -D__CLFLUSHOPT__ -D__FSGSBASE__ -D__RDRND__ -D__BMI__ -D__BMI2__ -D__LZCNT__ -D__FXSR__ -D__MWAITX__ -D__CLZERO__ -D__PKU__ -D__VAES__ -D__VPCLMULQDQ__ -D__PGI -D__NVCOMPILER -D_GNU_SOURCE -D_PGCG_SOURCE -I- -I/home/lucas/apps/compilers/nvidia/hpc_sdk/Linux_x86_64/23.1/comm_libs/hpcx/hpcx-2.13/ompi/include -I/home/lucas/apps/compilers/nvidia/hpc_sdk/Linux_x86_64/23.1/comm_libs/hpcx/hpcx-2.13/ompi/include/openmpi -I/home/lucas/apps/compilers/nvidia/hpc_sdk/Linux_x86_64/23.1/comm_libs/hpcx/hpcx-2.13/ompi/include/openmpi/opal/mca/hwloc/hwloc201/hwloc/include -I/home/lucas/apps/compilers/nvidia/hpc_sdk/Linux_x86_64/23.1/comm_libs/hpcx/hpcx-2.13/ompi/include/openmpi/opal/mca/event/libevent2022/libevent -I/home/lucas/apps/compilers/nvidia/hpc_sdk/Linux_x86_64/23.1/comm_libs/hpcx/hpcx-2.13/ompi/include/openmpi/opal/mca/event/libevent2022/libevent/include -I/home/lucas/apps/compilers/nvidia/hpc_sdk/Linux_x86_64/23.1/comm_libs/hpcx/hpcx-2.13/ompi/include -I/home/lucas/apps/compilers/nvidia/hpc_sdk/Linux_x86_64/23.1/comm_libs/hpcx/hpcx-2.13/ucc/include -I/home/lucas/apps/compilers/nvidia/hpc_sdk/Linux_x86_64/23.1/comm_libs/hpcx/hpcx-2.13/ucx/include -I/home/lucas/apps/compilers/nvidia/hpc_sdk/Linux_x86_64/23.1/comm_libs/hpcx/hpcx-2.13/sharp/include -I/home/lucas/apps/compilers/nvidia/hpc_sdk/Linux_x86_64/23.1/comm_libs/hpcx/hpcx-2.13/hcoll/include -I/home/lucas/apps/compilers/nvidia/hpc_sdk/Linux_x86_64/23.1/compilers/extras/qd/include/qd -I/home/lucas/apps/compilers/nvidia/hpc_sdk/Linux_x86_64/23.1/comm_libs/nvshmem/include -I/home/lucas/apps/compilers/nvidia/hpc_sdk/Linux_x86_64/23.1/comm_libs/nccl/include -I/home/lucas/apps/compilers/nvidia/hpc_sdk/Linux_x86_64/23.1/math_libs/include --sys_include /home/lucas/apps/compilers/nvidia/hpc_sdk/Linux_x86_64/23.1/compilers/include --sys_include /home/lucas/apps/compilers/nvidia/hpc_sdk/Linux_x86_64/23.1/compilers/include-stdexec --sys_include /usr/lib/gcc/x86_64-pc-linux-gnu/12.2.1/../../../../include/c++/12.2.1 --sys_include /usr/lib/gcc/x86_64-pc-linux-gnu/12.2.1/../../../../include/c++/12.2.1/x86_64-pc-linux-gnu --sys_include /usr/lib/gcc/x86_64-pc-linux-gnu/12.2.1/../../../../include/c++/12.2.1/backward --sys_include /usr/lib/gcc/x86_64-pc-linux-gnu/12.2.1/include --sys_include /usr/local/include --sys_include /usr/lib/gcc/x86_64-pc-linux-gnu/12.2.1/include-fixed --sys_include /usr/include -D__PGLLVM__ -D__NVCOMPILER_LLVM__ -D__extension__= -D_REENTRANT --preinclude _cplus_preinclude.h --preinclude_macros _cplus_macros.h --gnu_version=120201 -D__pgnu_vsn=120201 --no_fixed_bp --dependencies_target_to_stdout CMakeFiles/cmTC_10314.dir/CMakeCXXCompilerABI.cpp.o --dependencies_to_file CMakeFiles/cmTC_10314.dir/CMakeCXXCompilerABI.cpp.o.d -q -o /tmp/nvc++-u5Le9AOm44Sx.il /usr/share/cmake/Modules/CMakeCXXCompilerABI.cpp

/home/lucas/apps/compilers/nvidia/hpc_sdk/Linux_x86_64/23.1/compilers/bin/tools/cpp2 /usr/share/cmake/Modules/CMakeCXXCompilerABI.cpp -opt 1 -x 119 0xa10000 -x 122 0x40 -x 123 0x1000 -x 127 4 -x 127 17 -x 19 0x400000 -x 28 0x40000 -x 120 0x10000000 -x 70 0x8000 -x 122 1 -x 125 0x20000 -quad -x 59 4 -tp zen3 -x 120 0x1000 -astype 0 -x 121 1 -fn /usr/share/cmake/Modules/CMakeCXXCompilerABI.cpp -il /tmp/nvc++-u5Le9AOm44Sx.il -x 117 0x200 -x 123 0x80000000 -x 123 4 -x 119 0x20 -def __pgnu_vsn=120201 -x 70 0x40000000 -x 183 4 -x 121 0x800 -x 6 0x20000 -x 249 140 -x 120 0x200000 -x 70 0x40000000 -x 8 0x40000000 -x 164 0x800000 -x 71 0x2000 -x 71 0x4000 -x 34 0x40000000 -x 83 0x1 -x 85 0x1 -x 206 0x02 -x 120 0x1000000 -x 68 0x1 -x 39 4 -x 56 0x10 -x 26 0x10 -x 26 1 -x 56 0x4000 -x 197 0 -x 175 0 -x 203 0 -x 204 0 -y 163 0xc0000000 -x 189 0x10 -y 189 0x4000000 -x 60 512 -gnuvsn 120201 -x 69 0x200 -x 123 0x400 -cmdline '+nvc++ /tmp/nvc++-u5Le9AOm44Sx.il -v -MD -MT CMakeFiles/cmTC_10314.dir/CMakeCXXCompilerABI.cpp.o -MF CMakeFiles/cmTC_10314.dir/CMakeCXXCompilerABI.cpp.o.d -o CMakeFiles/cmTC_10314.dir/CMakeCXXCompilerABI.cpp.o -c -I/home/lucas/apps/compilers/nvidia/hpc_sdk/Linux_x86_64/23.1/comm_libs/hpcx/hpcx-2.13/ompi/include -I/home/lucas/apps/compilers/nvidia/hpc_sdk/Linux_x86_64/23.1/comm_libs/hpcx/hpcx-2.13/ompi/include/openmpi -I/home/lucas/apps/compilers/nvidia/hpc_sdk/Linux_x86_64/23.1/comm_libs/hpcx/hpcx-2.13/ompi/include/openmpi/opal/mca/hwloc/hwloc201/hwloc/include -I/home/lucas/apps/compilers/nvidia/hpc_sdk/Linux_x86_64/23.1/comm_libs/hpcx/hpcx-2.13/ompi/include/openmpi/opal/mca/event/libevent2022/libevent -I/home/lucas/apps/compilers/nvidia/hpc_sdk/Linux_x86_64/23.1/comm_libs/hpcx/hpcx-2.13/ompi/include/openmpi/opal/mca/event/libevent2022/libevent/include -pthread' -asm /tmp/nvc++Vu5LenhkUjLl-.ll
NVC++/x86-64 Linux 23.1-0: compilation successful

/home/lucas/apps/compilers/nvidia/hpc_sdk/Linux_x86_64/23.1/compilers/share/llvm/bin/llc /tmp/nvc++Vu5LenhkUjLl-.ll -march=x86-64 -mcpu=native -mattr=+mmx -mattr=+sse -mattr=+sse2 -mattr=+sse3 -mattr=+ssse3 -mattr=+sse4a -mattr=+sse4.1 -mattr=+sse4.2 -mattr=+avx -mattr=+avx2 -mattr=+f16c -mattr=+fma -mattr=+xsave -mattr=+xsaveopt -mattr=+xsavec -mattr=+xsaves -mattr=+popcnt -mattr=+sha -mattr=+aes -mattr=+pclmul -mattr=+clflushopt -mattr=+fsgsbase -mattr=+rdrnd -mattr=+bmi -mattr=+bmi2 -mattr=+lzcnt -mattr=+fxsr -mattr=+mwaitx -mattr=+clzero -mattr=+pku -mattr=+vaes -mattr=+vpclmulqdq -O1 -non-global-value-max-name-size=4294967295 -x86-cmov-converter=0 -dwarf-directory=false --align-all-functions=6 -filetype=obj --frame-pointer=none -o CMakeFiles/cmTC_10314.dir/CMakeCXXCompilerABI.cpp.o
Unlinking /tmp/nvc++-u5Le9AOm44Sx.il
Unlinking /tmp/nvc++3u5LeLYlnjNws.s
Unlinking /tmp/nvc++Vu5LenhkUjLl-.ll
Unlinking /tmp/nvc++Nu5Le1a7sw9Ke.llvm
Linking CXX executable cmTC_10314
/usr/bin/cmake -E cmake_link_script CMakeFiles/cmTC_10314.dir/link.txt --verbose=1
/home/lucas/apps/compilers/nvidia/hpc_sdk/Linux_x86_64/23.1/comm_libs/hpcx/hpcx-2.13/ompi/bin/mpicxx  -v CMakeFiles/cmTC_10314.dir/CMakeCXXCompilerABI.cpp.o -o cmTC_10314 
Export NVCOMPILER=/home/lucas/apps/compilers/nvidia/hpc_sdk/Linux_x86_64/23.1
Export PGI=/home/lucas/apps/compilers/nvidia/hpc_sdk

/usr/bin/ld /usr/lib64/crt1.o /usr/lib64/crti.o /home/lucas/apps/compilers/nvidia/hpc_sdk/Linux_x86_64/23.1/compilers/lib/trace_init.o /usr/lib/gcc/x86_64-pc-linux-gnu/12.2.1/crtbegin.o --eh-frame-hdr -m elf_x86_64 -dynamic-linker /lib64/ld-linux-x86-64.so.2 -T /home/lucas/apps/compilers/nvidia/hpc_sdk/Linux_x86_64/23.1/compilers/lib/nvhpc.ld -L/home/lucas/apps/compilers/nvidia/hpc_sdk/Linux_x86_64/23.1/comm_libs/hpcx/hpcx-2.13/ompi/lib -L/home/lucas/apps/libraries/hdf5/1.14.0/nvidia/23.1/lib -L/home/lucas/apps/compilers/nvidia/hpc_sdk/Linux_x86_64/23.1/comm_libs/hpcx/hpcx-2.13/ompi/lib -L/home/lucas/apps/compilers/nvidia/hpc_sdk/Linux_x86_64/23.1/comm_libs/hpcx/hpcx-2.13/nccl_rdma_sharp_plugin/lib -L/home/lucas/apps/compilers/nvidia/hpc_sdk/Linux_x86_64/23.1/comm_libs/hpcx/hpcx-2.13/sharp/lib -L/home/lucas/apps/compilers/nvidia/hpc_sdk/Linux_x86_64/23.1/comm_libs/hpcx/hpcx-2.13/hcoll/lib -L/home/lucas/apps/compilers/nvidia/hpc_sdk/Linux_x86_64/23.1/comm_libs/hpcx/hpcx-2.13/ucc/lib -L/home/lucas/apps/compilers/nvidia/hpc_sdk/Linux_x86_64/23.1/comm_libs/hpcx/hpcx-2.13/ucx/lib -L/home/lucas/apps/compilers/nvidia/hpc_sdk/Linux_x86_64/23.1/compilers/lib -L/usr/lib64 -L/usr/lib/gcc/x86_64-pc-linux-gnu/12.2.1 CMakeFiles/cmTC_10314.dir/CMakeCXXCompilerABI.cpp.o -rpath /home/lucas/apps/compilers/nvidia/hpc_sdk/Linux_x86_64/23.1/comm_libs/hpcx/hpcx-2.13/ompi/lib --enable-new-dtags -lmpi -rpath /home/lucas/apps/compilers/nvidia/hpc_sdk/Linux_x86_64/23.1/compilers/lib -rpath /usr/lib/gcc/x86_64-pc-linux-gnu/12.2.1/../../../../lib64 -o cmTC_10314 -L/usr/lib/gcc/x86_64-pc-linux-gnu/12.2.1/../../../../lib64 -latomic -lnvhpcatm -lstdc++ -lnvomp -ldl --as-needed -lnvhpcatm -latomic --no-as-needed -lpthread -lnvcpumath -lnsnvc -lnvc -lgcc -lc -lgcc_s -lm /usr/lib/gcc/x86_64-pc-linux-gnu/12.2.1/crtend.o /usr/lib64/crtn.o
make[1]: Leaving directory '/home/lucas/Documents/testLinkLibraryNVHPC/build/CMakeFiles/CMakeScratch/TryCompile-mozMCo'



Parsed CXX implicit include dir info from above output: rv=start
  warn: unable to parse implicit include dirs!


Parsed CXX implicit link information from above output:
  link line regex: [^( *|.*[/\])(ld|CMAKE_LINK_STARTFILE-NOTFOUND|([^/\]+-)?ld|collect2)[^/\]*( |$)]
  ignore line: [Change Dir: /home/lucas/Documents/testLinkLibraryNVHPC/build/CMakeFiles/CMakeScratch/TryCompile-mozMCo]
  ignore line: []
  ignore line: [Run Build Command(s):/usr/bin/make -f Makefile cmTC_10314/fast && /usr/bin/make  -f CMakeFiles/cmTC_10314.dir/build.make CMakeFiles/cmTC_10314.dir/build]
  ignore line: [make[1]: Entering directory '/home/lucas/Documents/testLinkLibraryNVHPC/build/CMakeFiles/CMakeScratch/TryCompile-mozMCo']
  ignore line: [Building CXX object CMakeFiles/cmTC_10314.dir/CMakeCXXCompilerABI.cpp.o]
  ignore line: [/home/lucas/apps/compilers/nvidia/hpc_sdk/Linux_x86_64/23.1/comm_libs/hpcx/hpcx-2.13/ompi/bin/mpicxx   -v -MD -MT CMakeFiles/cmTC_10314.dir/CMakeCXXCompilerABI.cpp.o -MF CMakeFiles/cmTC_10314.dir/CMakeCXXCompilerABI.cpp.o.d -o CMakeFiles/cmTC_10314.dir/CMakeCXXCompilerABI.cpp.o -c /usr/share/cmake/Modules/CMakeCXXCompilerABI.cpp]
  ignore line: [Export NVCOMPILER=/home/lucas/apps/compilers/nvidia/hpc_sdk/Linux_x86_64/23.1]
  ignore line: [Export PGI=/home/lucas/apps/compilers/nvidia/hpc_sdk]
  ignore line: [Create file CMakeFiles/cmTC_10314.dir/CMakeCXXCompilerABI.cpp.o.d]
  ignore line: []
  ignore line: [/home/lucas/apps/compilers/nvidia/hpc_sdk/Linux_x86_64/23.1/compilers/bin/tools/cpp1 --llalign -Dunix -D__unix -D__unix__ -Dlinux -D__linux -D__linux__ -D__NO_MATH_INLINES -D__LP64__ -D__x86_64 -D__x86_64__ -D__LONG_MAX__=9223372036854775807L '-D__SIZE_TYPE__=unsigned long int' '-D__PTRDIFF_TYPE__=long int' -D__amd64 -D__amd64__ -D__k8 -D__k8__ -D__MMX__ -D__SSE__ -D__SSE2__ -D__SSE3__ -D__SSSE3__ -D__SSE4A__ -D__ABM__ -D__SSE4_1__ -D__SSE4_2__ -D__AVX__ -D__AVX2__ -D__F16C__ -D__FMA__ -D__XSAVE__ -D__XSAVEOPT__ -D__XSAVEC__ -D__XSAVES__ -D__POPCNT__ -D__SHA__ -D__AES__ -D__PCLMUL__ -D__CLFLUSHOPT__ -D__FSGSBASE__ -D__RDRND__ -D__BMI__ -D__BMI2__ -D__LZCNT__ -D__FXSR__ -D__MWAITX__ -D__CLZERO__ -D__PKU__ -D__VAES__ -D__VPCLMULQDQ__ -D__PGI -D__NVCOMPILER -D_GNU_SOURCE -D_PGCG_SOURCE -I- -I/home/lucas/apps/compilers/nvidia/hpc_sdk/Linux_x86_64/23.1/comm_libs/hpcx/hpcx-2.13/ompi/include -I/home/lucas/apps/compilers/nvidia/hpc_sdk/Linux_x86_64/23.1/comm_libs/hpcx/hpcx-2.13/ompi/include/openmpi -I/home/lucas/apps/compilers/nvidia/hpc_sdk/Linux_x86_64/23.1/comm_libs/hpcx/hpcx-2.13/ompi/include/openmpi/opal/mca/hwloc/hwloc201/hwloc/include -I/home/lucas/apps/compilers/nvidia/hpc_sdk/Linux_x86_64/23.1/comm_libs/hpcx/hpcx-2.13/ompi/include/openmpi/opal/mca/event/libevent2022/libevent -I/home/lucas/apps/compilers/nvidia/hpc_sdk/Linux_x86_64/23.1/comm_libs/hpcx/hpcx-2.13/ompi/include/openmpi/opal/mca/event/libevent2022/libevent/include -I/home/lucas/apps/compilers/nvidia/hpc_sdk/Linux_x86_64/23.1/comm_libs/hpcx/hpcx-2.13/ompi/include -I/home/lucas/apps/compilers/nvidia/hpc_sdk/Linux_x86_64/23.1/comm_libs/hpcx/hpcx-2.13/ucc/include -I/home/lucas/apps/compilers/nvidia/hpc_sdk/Linux_x86_64/23.1/comm_libs/hpcx/hpcx-2.13/ucx/include -I/home/lucas/apps/compilers/nvidia/hpc_sdk/Linux_x86_64/23.1/comm_libs/hpcx/hpcx-2.13/sharp/include -I/home/lucas/apps/compilers/nvidia/hpc_sdk/Linux_x86_64/23.1/comm_libs/hpcx/hpcx-2.13/hcoll/include -I/home/lucas/apps/compilers/nvidia/hpc_sdk/Linux_x86_64/23.1/compilers/extras/qd/include/qd -I/home/lucas/apps/compilers/nvidia/hpc_sdk/Linux_x86_64/23.1/comm_libs/nvshmem/include -I/home/lucas/apps/compilers/nvidia/hpc_sdk/Linux_x86_64/23.1/comm_libs/nccl/include -I/home/lucas/apps/compilers/nvidia/hpc_sdk/Linux_x86_64/23.1/math_libs/include --sys_include /home/lucas/apps/compilers/nvidia/hpc_sdk/Linux_x86_64/23.1/compilers/include --sys_include /home/lucas/apps/compilers/nvidia/hpc_sdk/Linux_x86_64/23.1/compilers/include-stdexec --sys_include /usr/lib/gcc/x86_64-pc-linux-gnu/12.2.1/../../../../include/c++/12.2.1 --sys_include /usr/lib/gcc/x86_64-pc-linux-gnu/12.2.1/../../../../include/c++/12.2.1/x86_64-pc-linux-gnu --sys_include /usr/lib/gcc/x86_64-pc-linux-gnu/12.2.1/../../../../include/c++/12.2.1/backward --sys_include /usr/lib/gcc/x86_64-pc-linux-gnu/12.2.1/include --sys_include /usr/local/include --sys_include /usr/lib/gcc/x86_64-pc-linux-gnu/12.2.1/include-fixed --sys_include /usr/include -D__PGLLVM__ -D__NVCOMPILER_LLVM__ -D__extension__= -D_REENTRANT --preinclude _cplus_preinclude.h --preinclude_macros _cplus_macros.h --gnu_version=120201 -D__pgnu_vsn=120201 --no_fixed_bp --dependencies_target_to_stdout CMakeFiles/cmTC_10314.dir/CMakeCXXCompilerABI.cpp.o --dependencies_to_file CMakeFiles/cmTC_10314.dir/CMakeCXXCompilerABI.cpp.o.d -q -o /tmp/nvc++-u5Le9AOm44Sx.il /usr/share/cmake/Modules/CMakeCXXCompilerABI.cpp]
  ignore line: []
  ignore line: [/home/lucas/apps/compilers/nvidia/hpc_sdk/Linux_x86_64/23.1/compilers/bin/tools/cpp2 /usr/share/cmake/Modules/CMakeCXXCompilerABI.cpp -opt 1 -x 119 0xa10000 -x 122 0x40 -x 123 0x1000 -x 127 4 -x 127 17 -x 19 0x400000 -x 28 0x40000 -x 120 0x10000000 -x 70 0x8000 -x 122 1 -x 125 0x20000 -quad -x 59 4 -tp zen3 -x 120 0x1000 -astype 0 -x 121 1 -fn /usr/share/cmake/Modules/CMakeCXXCompilerABI.cpp -il /tmp/nvc++-u5Le9AOm44Sx.il -x 117 0x200 -x 123 0x80000000 -x 123 4 -x 119 0x20 -def __pgnu_vsn=120201 -x 70 0x40000000 -x 183 4 -x 121 0x800 -x 6 0x20000 -x 249 140 -x 120 0x200000 -x 70 0x40000000 -x 8 0x40000000 -x 164 0x800000 -x 71 0x2000 -x 71 0x4000 -x 34 0x40000000 -x 83 0x1 -x 85 0x1 -x 206 0x02 -x 120 0x1000000 -x 68 0x1 -x 39 4 -x 56 0x10 -x 26 0x10 -x 26 1 -x 56 0x4000 -x 197 0 -x 175 0 -x 203 0 -x 204 0 -y 163 0xc0000000 -x 189 0x10 -y 189 0x4000000 -x 60 512 -gnuvsn 120201 -x 69 0x200 -x 123 0x400 -cmdline '+nvc++ /tmp/nvc++-u5Le9AOm44Sx.il -v -MD -MT CMakeFiles/cmTC_10314.dir/CMakeCXXCompilerABI.cpp.o -MF CMakeFiles/cmTC_10314.dir/CMakeCXXCompilerABI.cpp.o.d -o CMakeFiles/cmTC_10314.dir/CMakeCXXCompilerABI.cpp.o -c -I/home/lucas/apps/compilers/nvidia/hpc_sdk/Linux_x86_64/23.1/comm_libs/hpcx/hpcx-2.13/ompi/include -I/home/lucas/apps/compilers/nvidia/hpc_sdk/Linux_x86_64/23.1/comm_libs/hpcx/hpcx-2.13/ompi/include/openmpi -I/home/lucas/apps/compilers/nvidia/hpc_sdk/Linux_x86_64/23.1/comm_libs/hpcx/hpcx-2.13/ompi/include/openmpi/opal/mca/hwloc/hwloc201/hwloc/include -I/home/lucas/apps/compilers/nvidia/hpc_sdk/Linux_x86_64/23.1/comm_libs/hpcx/hpcx-2.13/ompi/include/openmpi/opal/mca/event/libevent2022/libevent -I/home/lucas/apps/compilers/nvidia/hpc_sdk/Linux_x86_64/23.1/comm_libs/hpcx/hpcx-2.13/ompi/include/openmpi/opal/mca/event/libevent2022/libevent/include -pthread' -asm /tmp/nvc++Vu5LenhkUjLl-.ll]
  ignore line: [NVC++/x86-64 Linux 23.1-0: compilation successful]
  ignore line: []
  ignore line: [/home/lucas/apps/compilers/nvidia/hpc_sdk/Linux_x86_64/23.1/compilers/share/llvm/bin/llc /tmp/nvc++Vu5LenhkUjLl-.ll -march=x86-64 -mcpu=native -mattr=+mmx -mattr=+sse -mattr=+sse2 -mattr=+sse3 -mattr=+ssse3 -mattr=+sse4a -mattr=+sse4.1 -mattr=+sse4.2 -mattr=+avx -mattr=+avx2 -mattr=+f16c -mattr=+fma -mattr=+xsave -mattr=+xsaveopt -mattr=+xsavec -mattr=+xsaves -mattr=+popcnt -mattr=+sha -mattr=+aes -mattr=+pclmul -mattr=+clflushopt -mattr=+fsgsbase -mattr=+rdrnd -mattr=+bmi -mattr=+bmi2 -mattr=+lzcnt -mattr=+fxsr -mattr=+mwaitx -mattr=+clzero -mattr=+pku -mattr=+vaes -mattr=+vpclmulqdq -O1 -non-global-value-max-name-size=4294967295 -x86-cmov-converter=0 -dwarf-directory=false --align-all-functions=6 -filetype=obj --frame-pointer=none -o CMakeFiles/cmTC_10314.dir/CMakeCXXCompilerABI.cpp.o]
  ignore line: [Unlinking /tmp/nvc++-u5Le9AOm44Sx.il]
  ignore line: [Unlinking /tmp/nvc++3u5LeLYlnjNws.s]
  ignore line: [Unlinking /tmp/nvc++Vu5LenhkUjLl-.ll]
  ignore line: [Unlinking /tmp/nvc++Nu5Le1a7sw9Ke.llvm]
  ignore line: [Linking CXX executable cmTC_10314]
  ignore line: [/usr/bin/cmake -E cmake_link_script CMakeFiles/cmTC_10314.dir/link.txt --verbose=1]
  ignore line: [/home/lucas/apps/compilers/nvidia/hpc_sdk/Linux_x86_64/23.1/comm_libs/hpcx/hpcx-2.13/ompi/bin/mpicxx  -v CMakeFiles/cmTC_10314.dir/CMakeCXXCompilerABI.cpp.o -o cmTC_10314 ]
  ignore line: [Export NVCOMPILER=/home/lucas/apps/compilers/nvidia/hpc_sdk/Linux_x86_64/23.1]
  ignore line: [Export PGI=/home/lucas/apps/compilers/nvidia/hpc_sdk]
  ignore line: []
  link line: [/usr/bin/ld /usr/lib64/crt1.o /usr/lib64/crti.o /home/lucas/apps/compilers/nvidia/hpc_sdk/Linux_x86_64/23.1/compilers/lib/trace_init.o /usr/lib/gcc/x86_64-pc-linux-gnu/12.2.1/crtbegin.o --eh-frame-hdr -m elf_x86_64 -dynamic-linker /lib64/ld-linux-x86-64.so.2 -T /home/lucas/apps/compilers/nvidia/hpc_sdk/Linux_x86_64/23.1/compilers/lib/nvhpc.ld -L/home/lucas/apps/compilers/nvidia/hpc_sdk/Linux_x86_64/23.1/comm_libs/hpcx/hpcx-2.13/ompi/lib -L/home/lucas/apps/libraries/hdf5/1.14.0/nvidia/23.1/lib -L/home/lucas/apps/compilers/nvidia/hpc_sdk/Linux_x86_64/23.1/comm_libs/hpcx/hpcx-2.13/ompi/lib -L/home/lucas/apps/compilers/nvidia/hpc_sdk/Linux_x86_64/23.1/comm_libs/hpcx/hpcx-2.13/nccl_rdma_sharp_plugin/lib -L/home/lucas/apps/compilers/nvidia/hpc_sdk/Linux_x86_64/23.1/comm_libs/hpcx/hpcx-2.13/sharp/lib -L/home/lucas/apps/compilers/nvidia/hpc_sdk/Linux_x86_64/23.1/comm_libs/hpcx/hpcx-2.13/hcoll/lib -L/home/lucas/apps/compilers/nvidia/hpc_sdk/Linux_x86_64/23.1/comm_libs/hpcx/hpcx-2.13/ucc/lib -L/home/lucas/apps/compilers/nvidia/hpc_sdk/Linux_x86_64/23.1/comm_libs/hpcx/hpcx-2.13/ucx/lib -L/home/lucas/apps/compilers/nvidia/hpc_sdk/Linux_x86_64/23.1/compilers/lib -L/usr/lib64 -L/usr/lib/gcc/x86_64-pc-linux-gnu/12.2.1 CMakeFiles/cmTC_10314.dir/CMakeCXXCompilerABI.cpp.o -rpath /home/lucas/apps/compilers/nvidia/hpc_sdk/Linux_x86_64/23.1/comm_libs/hpcx/hpcx-2.13/ompi/lib --enable-new-dtags -lmpi -rpath /home/lucas/apps/compilers/nvidia/hpc_sdk/Linux_x86_64/23.1/compilers/lib -rpath /usr/lib/gcc/x86_64-pc-linux-gnu/12.2.1/../../../../lib64 -o cmTC_10314 -L/usr/lib/gcc/x86_64-pc-linux-gnu/12.2.1/../../../../lib64 -latomic -lnvhpcatm -lstdc++ -lnvomp -ldl --as-needed -lnvhpcatm -latomic --no-as-needed -lpthread -lnvcpumath -lnsnvc -lnvc -lgcc -lc -lgcc_s -lm /usr/lib/gcc/x86_64-pc-linux-gnu/12.2.1/crtend.o /usr/lib64/crtn.o]
    arg [/usr/bin/ld] ==> ignore
    arg [/usr/lib64/crt1.o] ==> obj [/usr/lib64/crt1.o]
    arg [/usr/lib64/crti.o] ==> obj [/usr/lib64/crti.o]
    arg [/home/lucas/apps/compilers/nvidia/hpc_sdk/Linux_x86_64/23.1/compilers/lib/trace_init.o] ==> obj [/home/lucas/apps/compilers/nvidia/hpc_sdk/Linux_x86_64/23.1/compilers/lib/trace_init.o]
    arg [/usr/lib/gcc/x86_64-pc-linux-gnu/12.2.1/crtbegin.o] ==> obj [/usr/lib/gcc/x86_64-pc-linux-gnu/12.2.1/crtbegin.o]
    arg [--eh-frame-hdr] ==> ignore
    arg [-m] ==> ignore
    arg [elf_x86_64] ==> ignore
    arg [-dynamic-linker] ==> ignore
    arg [/lib64/ld-linux-x86-64.so.2] ==> ignore
    arg [-T] ==> ignore
    arg [/home/lucas/apps/compilers/nvidia/hpc_sdk/Linux_x86_64/23.1/compilers/lib/nvhpc.ld] ==> ignore
    arg [-L/home/lucas/apps/compilers/nvidia/hpc_sdk/Linux_x86_64/23.1/comm_libs/hpcx/hpcx-2.13/ompi/lib] ==> dir [/home/lucas/apps/compilers/nvidia/hpc_sdk/Linux_x86_64/23.1/comm_libs/hpcx/hpcx-2.13/ompi/lib]
    arg [-L/home/lucas/apps/libraries/hdf5/1.14.0/nvidia/23.1/lib] ==> dir [/home/lucas/apps/libraries/hdf5/1.14.0/nvidia/23.1/lib]
    arg [-L/home/lucas/apps/compilers/nvidia/hpc_sdk/Linux_x86_64/23.1/comm_libs/hpcx/hpcx-2.13/ompi/lib] ==> dir [/home/lucas/apps/compilers/nvidia/hpc_sdk/Linux_x86_64/23.1/comm_libs/hpcx/hpcx-2.13/ompi/lib]
    arg [-L/home/lucas/apps/compilers/nvidia/hpc_sdk/Linux_x86_64/23.1/comm_libs/hpcx/hpcx-2.13/nccl_rdma_sharp_plugin/lib] ==> dir [/home/lucas/apps/compilers/nvidia/hpc_sdk/Linux_x86_64/23.1/comm_libs/hpcx/hpcx-2.13/nccl_rdma_sharp_plugin/lib]
    arg [-L/home/lucas/apps/compilers/nvidia/hpc_sdk/Linux_x86_64/23.1/comm_libs/hpcx/hpcx-2.13/sharp/lib] ==> dir [/home/lucas/apps/compilers/nvidia/hpc_sdk/Linux_x86_64/23.1/comm_libs/hpcx/hpcx-2.13/sharp/lib]
    arg [-L/home/lucas/apps/compilers/nvidia/hpc_sdk/Linux_x86_64/23.1/comm_libs/hpcx/hpcx-2.13/hcoll/lib] ==> dir [/home/lucas/apps/compilers/nvidia/hpc_sdk/Linux_x86_64/23.1/comm_libs/hpcx/hpcx-2.13/hcoll/lib]
    arg [-L/home/lucas/apps/compilers/nvidia/hpc_sdk/Linux_x86_64/23.1/comm_libs/hpcx/hpcx-2.13/ucc/lib] ==> dir [/home/lucas/apps/compilers/nvidia/hpc_sdk/Linux_x86_64/23.1/comm_libs/hpcx/hpcx-2.13/ucc/lib]
    arg [-L/home/lucas/apps/compilers/nvidia/hpc_sdk/Linux_x86_64/23.1/comm_libs/hpcx/hpcx-2.13/ucx/lib] ==> dir [/home/lucas/apps/compilers/nvidia/hpc_sdk/Linux_x86_64/23.1/comm_libs/hpcx/hpcx-2.13/ucx/lib]
    arg [-L/home/lucas/apps/compilers/nvidia/hpc_sdk/Linux_x86_64/23.1/compilers/lib] ==> dir [/home/lucas/apps/compilers/nvidia/hpc_sdk/Linux_x86_64/23.1/compilers/lib]
    arg [-L/usr/lib64] ==> dir [/usr/lib64]
    arg [-L/usr/lib/gcc/x86_64-pc-linux-gnu/12.2.1] ==> dir [/usr/lib/gcc/x86_64-pc-linux-gnu/12.2.1]
    arg [CMakeFiles/cmTC_10314.dir/CMakeCXXCompilerABI.cpp.o] ==> ignore
    arg [-rpath] ==> ignore
    arg [/home/lucas/apps/compilers/nvidia/hpc_sdk/Linux_x86_64/23.1/comm_libs/hpcx/hpcx-2.13/ompi/lib] ==> ignore
    arg [--enable-new-dtags] ==> ignore
    arg [-lmpi] ==> lib [mpi]
    arg [-rpath] ==> ignore
    arg [/home/lucas/apps/compilers/nvidia/hpc_sdk/Linux_x86_64/23.1/compilers/lib] ==> ignore
    arg [-rpath] ==> ignore
    arg [/usr/lib/gcc/x86_64-pc-linux-gnu/12.2.1/../../../../lib64] ==> ignore
    arg [-o] ==> ignore
    arg [cmTC_10314] ==> ignore
    arg [-L/usr/lib/gcc/x86_64-pc-linux-gnu/12.2.1/../../../../lib64] ==> dir [/usr/lib/gcc/x86_64-pc-linux-gnu/12.2.1/../../../../lib64]
    arg [-latomic] ==> lib [atomic]
    arg [-lnvhpcatm] ==> lib [nvhpcatm]
    arg [-lstdc++] ==> lib [stdc++]
    arg [-lnvomp] ==> lib [nvomp]
    arg [-ldl] ==> lib [dl]
    arg [--as-needed] ==> ignore
    arg [-lnvhpcatm] ==> lib [nvhpcatm]
    arg [-latomic] ==> lib [atomic]
    arg [--no-as-needed] ==> ignore
    arg [-lpthread] ==> lib [pthread]
    arg [-lnvcpumath] ==> lib [nvcpumath]
    arg [-lnsnvc] ==> lib [nsnvc]
    arg [-lnvc] ==> lib [nvc]
    arg [-lgcc] ==> lib [gcc]
    arg [-lc] ==> lib [c]
    arg [-lgcc_s] ==> lib [gcc_s]
    arg [-lm] ==> lib [m]
    arg [/usr/lib/gcc/x86_64-pc-linux-gnu/12.2.1/crtend.o] ==> obj [/usr/lib/gcc/x86_64-pc-linux-gnu/12.2.1/crtend.o]
    arg [/usr/lib64/crtn.o] ==> obj [/usr/lib64/crtn.o]
  collapse library dir [/home/lucas/apps/compilers/nvidia/hpc_sdk/Linux_x86_64/23.1/comm_libs/hpcx/hpcx-2.13/ompi/lib] ==> [/home/lucas/apps/compilers/nvidia/hpc_sdk/Linux_x86_64/23.1/comm_libs/hpcx/hpcx-2.13/ompi/lib]
  collapse library dir [/home/lucas/apps/libraries/hdf5/1.14.0/nvidia/23.1/lib] ==> [/home/lucas/apps/libraries/hdf5/1.14.0/nvidia/23.1/lib]
  collapse library dir [/home/lucas/apps/compilers/nvidia/hpc_sdk/Linux_x86_64/23.1/comm_libs/hpcx/hpcx-2.13/ompi/lib] ==> [/home/lucas/apps/compilers/nvidia/hpc_sdk/Linux_x86_64/23.1/comm_libs/hpcx/hpcx-2.13/ompi/lib]
  collapse library dir [/home/lucas/apps/compilers/nvidia/hpc_sdk/Linux_x86_64/23.1/comm_libs/hpcx/hpcx-2.13/nccl_rdma_sharp_plugin/lib] ==> [/home/lucas/apps/compilers/nvidia/hpc_sdk/Linux_x86_64/23.1/comm_libs/hpcx/hpcx-2.13/nccl_rdma_sharp_plugin/lib]
  collapse library dir [/home/lucas/apps/compilers/nvidia/hpc_sdk/Linux_x86_64/23.1/comm_libs/hpcx/hpcx-2.13/sharp/lib] ==> [/home/lucas/apps/compilers/nvidia/hpc_sdk/Linux_x86_64/23.1/comm_libs/hpcx/hpcx-2.13/sharp/lib]
  collapse library dir [/home/lucas/apps/compilers/nvidia/hpc_sdk/Linux_x86_64/23.1/comm_libs/hpcx/hpcx-2.13/hcoll/lib] ==> [/home/lucas/apps/compilers/nvidia/hpc_sdk/Linux_x86_64/23.1/comm_libs/hpcx/hpcx-2.13/hcoll/lib]
  collapse library dir [/home/lucas/apps/compilers/nvidia/hpc_sdk/Linux_x86_64/23.1/comm_libs/hpcx/hpcx-2.13/ucc/lib] ==> [/home/lucas/apps/compilers/nvidia/hpc_sdk/Linux_x86_64/23.1/comm_libs/hpcx/hpcx-2.13/ucc/lib]
  collapse library dir [/home/lucas/apps/compilers/nvidia/hpc_sdk/Linux_x86_64/23.1/comm_libs/hpcx/hpcx-2.13/ucx/lib] ==> [/home/lucas/apps/compilers/nvidia/hpc_sdk/Linux_x86_64/23.1/comm_libs/hpcx/hpcx-2.13/ucx/lib]
  collapse library dir [/home/lucas/apps/compilers/nvidia/hpc_sdk/Linux_x86_64/23.1/compilers/lib] ==> [/home/lucas/apps/compilers/nvidia/hpc_sdk/Linux_x86_64/23.1/compilers/lib]
  collapse library dir [/usr/lib64] ==> [/usr/lib64]
  collapse library dir [/usr/lib/gcc/x86_64-pc-linux-gnu/12.2.1] ==> [/usr/lib/gcc/x86_64-pc-linux-gnu/12.2.1]
  collapse library dir [/usr/lib/gcc/x86_64-pc-linux-gnu/12.2.1/../../../../lib64] ==> [/usr/lib64]
  implicit libs: [mpi;atomic;nvhpcatm;stdc++;nvomp;dl;nvhpcatm;atomic;pthread;nvcpumath;nsnvc;nvc;gcc;c;gcc_s;m]
  implicit objs: [/usr/lib64/crt1.o;/usr/lib64/crti.o;/home/lucas/apps/compilers/nvidia/hpc_sdk/Linux_x86_64/23.1/compilers/lib/trace_init.o;/usr/lib/gcc/x86_64-pc-linux-gnu/12.2.1/crtbegin.o;/usr/lib/gcc/x86_64-pc-linux-gnu/12.2.1/crtend.o;/usr/lib64/crtn.o]
  implicit dirs: [/home/lucas/apps/compilers/nvidia/hpc_sdk/Linux_x86_64/23.1/comm_libs/hpcx/hpcx-2.13/ompi/lib;/home/lucas/apps/libraries/hdf5/1.14.0/nvidia/23.1/lib;/home/lucas/apps/compilers/nvidia/hpc_sdk/Linux_x86_64/23.1/comm_libs/hpcx/hpcx-2.13/nccl_rdma_sharp_plugin/lib;/home/lucas/apps/compilers/nvidia/hpc_sdk/Linux_x86_64/23.1/comm_libs/hpcx/hpcx-2.13/sharp/lib;/home/lucas/apps/compilers/nvidia/hpc_sdk/Linux_x86_64/23.1/comm_libs/hpcx/hpcx-2.13/hcoll/lib;/home/lucas/apps/compilers/nvidia/hpc_sdk/Linux_x86_64/23.1/comm_libs/hpcx/hpcx-2.13/ucc/lib;/home/lucas/apps/compilers/nvidia/hpc_sdk/Linux_x86_64/23.1/comm_libs/hpcx/hpcx-2.13/ucx/lib;/home/lucas/apps/compilers/nvidia/hpc_sdk/Linux_x86_64/23.1/compilers/lib;/usr/lib64;/usr/lib/gcc/x86_64-pc-linux-gnu/12.2.1]
  implicit fwks: []


Detecting Fortran compiler ABI info compiled with the following output:
Change Dir: /home/lucas/Documents/testLinkLibraryNVHPC/build/CMakeFiles/CMakeScratch/TryCompile-2qk0jh

Run Build Command(s):/usr/bin/make -f Makefile cmTC_073cd/fast && /usr/bin/make  -f CMakeFiles/cmTC_073cd.dir/build.make CMakeFiles/cmTC_073cd.dir/build
make[1]: Entering directory '/home/lucas/Documents/testLinkLibraryNVHPC/build/CMakeFiles/CMakeScratch/TryCompile-2qk0jh'
Building Fortran object CMakeFiles/cmTC_073cd.dir/CMakeFortranCompilerABI.F90.o
/home/lucas/apps/compilers/nvidia/hpc_sdk/Linux_x86_64/23.1/comm_libs/hpcx/hpcx-2.13/ompi/bin/mpif90   -v -c /usr/share/cmake/Modules/CMakeFortranCompilerABI.F90 -o CMakeFiles/cmTC_073cd.dir/CMakeFortranCompilerABI.F90.o
Export NVCOMPILER=/home/lucas/apps/compilers/nvidia/hpc_sdk/Linux_x86_64/23.1
Export PGI=/home/lucas/apps/compilers/nvidia/hpc_sdk

/home/lucas/apps/compilers/nvidia/hpc_sdk/Linux_x86_64/23.1/compilers/bin/tools/fort1 /usr/share/cmake/Modules/CMakeFortranCompilerABI.F90 -opt 1 -nostatic -x 19 0x400000 -quad -x 59 4 -x 15 2 -x 49 0x400004 -x 51 0x20 -x 57 0x4c -x 58 0x10000 -x 124 0x1000 -tp zen3 -x 57 0xfb0000 -x 58 0x78031040 -x 47 0x08 -x 48 4608 -x 49 0x100 -stdinc /home/lucas/apps/compilers/nvidia/hpc_sdk/Linux_x86_64/23.1/compilers/include:/home/lucas/apps/compilers/nvidia/hpc_sdk/Linux_x86_64/23.1/compilers/include-stdexec:/usr/lib/gcc/x86_64-pc-linux-gnu/12.2.1/include:/usr/local/include:/usr/lib/gcc/x86_64-pc-linux-gnu/12.2.1/include-fixed:/usr/include -cmdline '+nvfortran /usr/share/cmake/Modules/CMakeFortranCompilerABI.F90 -v -c -o CMakeFiles/cmTC_073cd.dir/CMakeFortranCompilerABI.F90.o -I/home/lucas/apps/compilers/nvidia/hpc_sdk/Linux_x86_64/23.1/comm_libs/hpcx/hpcx-2.13/ompi/include -I/home/lucas/apps/compilers/nvidia/hpc_sdk/Linux_x86_64/23.1/comm_libs/hpcx/hpcx-2.13/ompi/lib' -def unix -def __unix -def __unix__ -def linux -def __linux -def __linux__ -def __NO_MATH_INLINES -def __LP64__ -def __x86_64 -def __x86_64__ -def __LONG_MAX__=9223372036854775807L -def '__SIZE_TYPE__=unsigned long int' -def '__PTRDIFF_TYPE__=long int' -def __amd64 -def __amd64__ -def __k8 -def __k8__ -def __MMX__ -def __SSE__ -def __SSE2__ -def __SSE3__ -def __SSSE3__ -def __SSE4A__ -def __ABM__ -def __SSE4_1__ -def __SSE4_2__ -def __AVX__ -def __AVX2__ -def __F16C__ -def __FMA__ -def __XSAVE__ -def __XSAVEOPT__ -def __XSAVEC__ -def __XSAVES__ -def __POPCNT__ -def __SHA__ -def __AES__ -def __PCLMUL__ -def __CLFLUSHOPT__ -def __FSGSBASE__ -def __RDRND__ -def __BMI__ -def __BMI2__ -def __LZCNT__ -def __FXSR__ -def __MWAITX__ -def __CLZERO__ -def __PKU__ -def __VAES__ -def __VPCLMULQDQ__ -idir /home/lucas/apps/compilers/nvidia/hpc_sdk/Linux_x86_64/23.1/comm_libs/hpcx/hpcx-2.13/ompi/include -idir /home/lucas/apps/compilers/nvidia/hpc_sdk/Linux_x86_64/23.1/comm_libs/hpcx/hpcx-2.13/ompi/lib -def __PGLLVM__ -def __NVCOMPILER_LLVM__ -def __extension__= -preprocess -freeform -vect 48 -x 54 1 -x 68 0x1 -x 70 0x40000000 -x 70 0x40000000 -x 68 0x1 -x 124 1 -x 195 0x8000 -y 163 0xc0000000 -x 189 0x10 -stbfile /tmp/nvfortranNS5Le1lCGQJzF.stb -modexport /tmp/nvfortranFS5LeDQDte-vG.cmod -modindex /tmp/nvfortranxS5Lef_QAB6TW.cmdx -cci /tmp/nvfortranVS5Len6u6wUZt.cci -output /tmp/nvfortran3S5LeLnBNdOCo.ilm
  0 inform,   0 warnings,   0 severes, 0 fatal for cmakefortrancompilerabi
NVFORTRAN/x86-64 Linux 23.1-0: compilation successful

/home/lucas/apps/compilers/nvidia/hpc_sdk/Linux_x86_64/23.1/compilers/bin/tools/fort2 /tmp/nvfortran3S5LeLnBNdOCo.ilm -fn /usr/share/cmake/Modules/CMakeFortranCompilerABI.F90 -opt 1 -x 51 0x20 -x 119 0xa10000 -x 122 0x40 -x 123 0x1000 -x 127 4 -x 127 17 -x 19 0x400000 -x 28 0x40000 -x 120 0x10000000 -x 70 0x8000 -x 122 1 -x 125 0x20000 -quad -x 59 4 -tp zen3 -x 120 0x1000 -x 124 0x1400 -y 15 2 -x 57 0x3b0000 -x 58 0x48000000 -x 49 0x100 -astype 0 -x 121 1 -x 183 4 -x 121 0x800 -x 68 0x1 -x 8 0x40000000 -x 70 0x40000000 -x 56 0x10 -x 54 0x10 -x 249 140 -x 68 0x20 -x 70 0x40000000 -x 8 0x40000000 -x 164 0x800000 -x 71 0x2000 -x 71 0x4000 -x 34 0x40000000 -x 83 0x1 -x 85 0x1 -x 206 0x02 -x 120 0x1000000 -x 68 0x1 -x 39 4 -x 56 0x10 -x 26 0x10 -x 26 1 -x 56 0x4000 -x 124 1 -x 197 0 -x 175 0 -x 203 0 -x 204 0 -y 163 0xc0000000 -x 189 0x10 -y 189 0x4000000 -x 60 512 -cci /tmp/nvfortranVS5Len6u6wUZt.cci -cmdline '+nvfortran /usr/share/cmake/Modules/CMakeFortranCompilerABI.F90 -v -c -o CMakeFiles/cmTC_073cd.dir/CMakeFortranCompilerABI.F90.o -I/home/lucas/apps/compilers/nvidia/hpc_sdk/Linux_x86_64/23.1/comm_libs/hpcx/hpcx-2.13/ompi/include -I/home/lucas/apps/compilers/nvidia/hpc_sdk/Linux_x86_64/23.1/comm_libs/hpcx/hpcx-2.13/ompi/lib' -stbfile /tmp/nvfortranNS5Le1lCGQJzF.stb -asm /tmp/nvfortranhS5LevKy30GKQ.ll
  0 inform,   0 warnings,   0 severes, 0 fatal for cmakefortrancompilerabi
NVFORTRAN/x86-64 Linux 23.1-0: compilation successful

/home/lucas/apps/compilers/nvidia/hpc_sdk/Linux_x86_64/23.1/compilers/share/llvm/bin/llc /tmp/nvfortranhS5LevKy30GKQ.ll -march=x86-64 -mcpu=native -mattr=+mmx -mattr=+sse -mattr=+sse2 -mattr=+sse3 -mattr=+ssse3 -mattr=+sse4a -mattr=+sse4.1 -mattr=+sse4.2 -mattr=+avx -mattr=+avx2 -mattr=+f16c -mattr=+fma -mattr=+xsave -mattr=+xsaveopt -mattr=+xsavec -mattr=+xsaves -mattr=+popcnt -mattr=+sha -mattr=+aes -mattr=+pclmul -mattr=+clflushopt -mattr=+fsgsbase -mattr=+rdrnd -mattr=+bmi -mattr=+bmi2 -mattr=+lzcnt -mattr=+fxsr -mattr=+mwaitx -mattr=+clzero -mattr=+pku -mattr=+vaes -mattr=+vpclmulqdq -O1 -non-global-value-max-name-size=4294967295 -x86-cmov-converter=0 -dwarf-directory=false --align-all-functions=6 -filetype=obj --frame-pointer=none -o CMakeFiles/cmTC_073cd.dir/CMakeFortranCompilerABI.F90.o

/home/lucas/apps/compilers/nvidia/hpc_sdk/Linux_x86_64/23.1/compilers/bin/tools/append -noerror CMakeFiles/cmTC_073cd.dir/CMakeFortranCompilerABI.F90.o -name .IPDINFO /tmp/nvfortranFS5LeDQDte-vG.cmod -name .IPEINFO /tmp/nvfortranxS5Lef_QAB6TW.cmdx
Unlinking /tmp/nvfortran3S5LeLnBNdOCo.ilm
Unlinking /tmp/nvfortranVS5Len6u6wUZt.cci
Unlinking /tmp/nvfortranNS5Le1lCGQJzF.stb
Unlinking /tmp/nvfortranFS5LeDQDte-vG.cmod
Unlinking /tmp/nvfortranxS5Lef_QAB6TW.cmdx
Unlinking /tmp/nvfortranpS5LeTUI3eafq.s
Unlinking /tmp/nvfortranhS5LevKy30GKQ.ll
Unlinking /tmp/nvfortran-S5Le9g9rDc6K.llvm
Linking Fortran executable cmTC_073cd
/usr/bin/cmake -E cmake_link_script CMakeFiles/cmTC_073cd.dir/link.txt --verbose=1
/home/lucas/apps/compilers/nvidia/hpc_sdk/Linux_x86_64/23.1/comm_libs/hpcx/hpcx-2.13/ompi/bin/mpif90  -v CMakeFiles/cmTC_073cd.dir/CMakeFortranCompilerABI.F90.o -o cmTC_073cd 
Export NVCOMPILER=/home/lucas/apps/compilers/nvidia/hpc_sdk/Linux_x86_64/23.1
Export PGI=/home/lucas/apps/compilers/nvidia/hpc_sdk

/usr/bin/ld /usr/lib64/crt1.o /usr/lib64/crti.o /home/lucas/apps/compilers/nvidia/hpc_sdk/Linux_x86_64/23.1/compilers/lib/trace_init.o /usr/lib/gcc/x86_64-pc-linux-gnu/12.2.1/crtbegin.o /home/lucas/apps/compilers/nvidia/hpc_sdk/Linux_x86_64/23.1/compilers/lib/f90main.o --eh-frame-hdr -m elf_x86_64 -dynamic-linker /lib64/ld-linux-x86-64.so.2 -T /home/lucas/apps/compilers/nvidia/hpc_sdk/Linux_x86_64/23.1/compilers/lib/nvhpc.ld -L/home/lucas/apps/compilers/nvidia/hpc_sdk/Linux_x86_64/23.1/comm_libs/hpcx/hpcx-2.13/ompi/lib -L/home/lucas/apps/libraries/hdf5/1.14.0/nvidia/23.1/lib -L/home/lucas/apps/compilers/nvidia/hpc_sdk/Linux_x86_64/23.1/comm_libs/hpcx/hpcx-2.13/ompi/lib -L/home/lucas/apps/compilers/nvidia/hpc_sdk/Linux_x86_64/23.1/comm_libs/hpcx/hpcx-2.13/nccl_rdma_sharp_plugin/lib -L/home/lucas/apps/compilers/nvidia/hpc_sdk/Linux_x86_64/23.1/comm_libs/hpcx/hpcx-2.13/sharp/lib -L/home/lucas/apps/compilers/nvidia/hpc_sdk/Linux_x86_64/23.1/comm_libs/hpcx/hpcx-2.13/hcoll/lib -L/home/lucas/apps/compilers/nvidia/hpc_sdk/Linux_x86_64/23.1/comm_libs/hpcx/hpcx-2.13/ucc/lib -L/home/lucas/apps/compilers/nvidia/hpc_sdk/Linux_x86_64/23.1/comm_libs/hpcx/hpcx-2.13/ucx/lib -L/home/lucas/apps/compilers/nvidia/hpc_sdk/Linux_x86_64/23.1/compilers/lib -L/usr/lib64 -L/usr/lib/gcc/x86_64-pc-linux-gnu/12.2.1 CMakeFiles/cmTC_073cd.dir/CMakeFortranCompilerABI.F90.o -rpath /home/lucas/apps/compilers/nvidia/hpc_sdk/Linux_x86_64/23.1/comm_libs/hpcx/hpcx-2.13/ompi/lib -lmpi_usempif08 -lmpi_usempi_ignore_tkr -lmpi_mpifh -lmpi -rpath /home/lucas/apps/compilers/nvidia/hpc_sdk/Linux_x86_64/23.1/compilers/lib -rpath /usr/lib/gcc/x86_64-pc-linux-gnu/12.2.1/../../../../lib64 -o cmTC_073cd -L/usr/lib/gcc/x86_64-pc-linux-gnu/12.2.1/../../../../lib64 -lnvf -lnvomp -ldl --as-needed -lnvhpcatm -latomic --no-as-needed -lpthread -lnvcpumath -lnsnvc -lnvc -lrt -lpthread -lgcc -lc -lgcc_s -lm /usr/lib/gcc/x86_64-pc-linux-gnu/12.2.1/crtend.o /usr/lib64/crtn.o
make[1]: Leaving directory '/home/lucas/Documents/testLinkLibraryNVHPC/build/CMakeFiles/CMakeScratch/TryCompile-2qk0jh'



Parsed Fortran implicit include dir info from above output: rv=start
  warn: unable to parse implicit include dirs!


Parsed Fortran implicit link information from above output:
  link line regex: [^( *|.*[/\])(ld|CMAKE_LINK_STARTFILE-NOTFOUND|([^/\]+-)?ld|collect2)[^/\]*( |$)]
  ignore line: [Change Dir: /home/lucas/Documents/testLinkLibraryNVHPC/build/CMakeFiles/CMakeScratch/TryCompile-2qk0jh]
  ignore line: []
  ignore line: [Run Build Command(s):/usr/bin/make -f Makefile cmTC_073cd/fast && /usr/bin/make  -f CMakeFiles/cmTC_073cd.dir/build.make CMakeFiles/cmTC_073cd.dir/build]
  ignore line: [make[1]: Entering directory '/home/lucas/Documents/testLinkLibraryNVHPC/build/CMakeFiles/CMakeScratch/TryCompile-2qk0jh']
  ignore line: [Building Fortran object CMakeFiles/cmTC_073cd.dir/CMakeFortranCompilerABI.F90.o]
  ignore line: [/home/lucas/apps/compilers/nvidia/hpc_sdk/Linux_x86_64/23.1/comm_libs/hpcx/hpcx-2.13/ompi/bin/mpif90   -v -c /usr/share/cmake/Modules/CMakeFortranCompilerABI.F90 -o CMakeFiles/cmTC_073cd.dir/CMakeFortranCompilerABI.F90.o]
  ignore line: [Export NVCOMPILER=/home/lucas/apps/compilers/nvidia/hpc_sdk/Linux_x86_64/23.1]
  ignore line: [Export PGI=/home/lucas/apps/compilers/nvidia/hpc_sdk]
  ignore line: []
  ignore line: [/home/lucas/apps/compilers/nvidia/hpc_sdk/Linux_x86_64/23.1/compilers/bin/tools/fort1 /usr/share/cmake/Modules/CMakeFortranCompilerABI.F90 -opt 1 -nostatic -x 19 0x400000 -quad -x 59 4 -x 15 2 -x 49 0x400004 -x 51 0x20 -x 57 0x4c -x 58 0x10000 -x 124 0x1000 -tp zen3 -x 57 0xfb0000 -x 58 0x78031040 -x 47 0x08 -x 48 4608 -x 49 0x100 -stdinc /home/lucas/apps/compilers/nvidia/hpc_sdk/Linux_x86_64/23.1/compilers/include:/home/lucas/apps/compilers/nvidia/hpc_sdk/Linux_x86_64/23.1/compilers/include-stdexec:/usr/lib/gcc/x86_64-pc-linux-gnu/12.2.1/include:/usr/local/include:/usr/lib/gcc/x86_64-pc-linux-gnu/12.2.1/include-fixed:/usr/include -cmdline '+nvfortran /usr/share/cmake/Modules/CMakeFortranCompilerABI.F90 -v -c -o CMakeFiles/cmTC_073cd.dir/CMakeFortranCompilerABI.F90.o -I/home/lucas/apps/compilers/nvidia/hpc_sdk/Linux_x86_64/23.1/comm_libs/hpcx/hpcx-2.13/ompi/include -I/home/lucas/apps/compilers/nvidia/hpc_sdk/Linux_x86_64/23.1/comm_libs/hpcx/hpcx-2.13/ompi/lib' -def unix -def __unix -def __unix__ -def linux -def __linux -def __linux__ -def __NO_MATH_INLINES -def __LP64__ -def __x86_64 -def __x86_64__ -def __LONG_MAX__=9223372036854775807L -def '__SIZE_TYPE__=unsigned long int' -def '__PTRDIFF_TYPE__=long int' -def __amd64 -def __amd64__ -def __k8 -def __k8__ -def __MMX__ -def __SSE__ -def __SSE2__ -def __SSE3__ -def __SSSE3__ -def __SSE4A__ -def __ABM__ -def __SSE4_1__ -def __SSE4_2__ -def __AVX__ -def __AVX2__ -def __F16C__ -def __FMA__ -def __XSAVE__ -def __XSAVEOPT__ -def __XSAVEC__ -def __XSAVES__ -def __POPCNT__ -def __SHA__ -def __AES__ -def __PCLMUL__ -def __CLFLUSHOPT__ -def __FSGSBASE__ -def __RDRND__ -def __BMI__ -def __BMI2__ -def __LZCNT__ -def __FXSR__ -def __MWAITX__ -def __CLZERO__ -def __PKU__ -def __VAES__ -def __VPCLMULQDQ__ -idir /home/lucas/apps/compilers/nvidia/hpc_sdk/Linux_x86_64/23.1/comm_libs/hpcx/hpcx-2.13/ompi/include -idir /home/lucas/apps/compilers/nvidia/hpc_sdk/Linux_x86_64/23.1/comm_libs/hpcx/hpcx-2.13/ompi/lib -def __PGLLVM__ -def __NVCOMPILER_LLVM__ -def __extension__= -preprocess -freeform -vect 48 -x 54 1 -x 68 0x1 -x 70 0x40000000 -x 70 0x40000000 -x 68 0x1 -x 124 1 -x 195 0x8000 -y 163 0xc0000000 -x 189 0x10 -stbfile /tmp/nvfortranNS5Le1lCGQJzF.stb -modexport /tmp/nvfortranFS5LeDQDte-vG.cmod -modindex /tmp/nvfortranxS5Lef_QAB6TW.cmdx -cci /tmp/nvfortranVS5Len6u6wUZt.cci -output /tmp/nvfortran3S5LeLnBNdOCo.ilm]
  ignore line: [  0 inform    0 warnings    0 severes  0 fatal for cmakefortrancompilerabi]
  ignore line: [NVFORTRAN/x86-64 Linux 23.1-0: compilation successful]
  ignore line: []
  ignore line: [/home/lucas/apps/compilers/nvidia/hpc_sdk/Linux_x86_64/23.1/compilers/bin/tools/fort2 /tmp/nvfortran3S5LeLnBNdOCo.ilm -fn /usr/share/cmake/Modules/CMakeFortranCompilerABI.F90 -opt 1 -x 51 0x20 -x 119 0xa10000 -x 122 0x40 -x 123 0x1000 -x 127 4 -x 127 17 -x 19 0x400000 -x 28 0x40000 -x 120 0x10000000 -x 70 0x8000 -x 122 1 -x 125 0x20000 -quad -x 59 4 -tp zen3 -x 120 0x1000 -x 124 0x1400 -y 15 2 -x 57 0x3b0000 -x 58 0x48000000 -x 49 0x100 -astype 0 -x 121 1 -x 183 4 -x 121 0x800 -x 68 0x1 -x 8 0x40000000 -x 70 0x40000000 -x 56 0x10 -x 54 0x10 -x 249 140 -x 68 0x20 -x 70 0x40000000 -x 8 0x40000000 -x 164 0x800000 -x 71 0x2000 -x 71 0x4000 -x 34 0x40000000 -x 83 0x1 -x 85 0x1 -x 206 0x02 -x 120 0x1000000 -x 68 0x1 -x 39 4 -x 56 0x10 -x 26 0x10 -x 26 1 -x 56 0x4000 -x 124 1 -x 197 0 -x 175 0 -x 203 0 -x 204 0 -y 163 0xc0000000 -x 189 0x10 -y 189 0x4000000 -x 60 512 -cci /tmp/nvfortranVS5Len6u6wUZt.cci -cmdline '+nvfortran /usr/share/cmake/Modules/CMakeFortranCompilerABI.F90 -v -c -o CMakeFiles/cmTC_073cd.dir/CMakeFortranCompilerABI.F90.o -I/home/lucas/apps/compilers/nvidia/hpc_sdk/Linux_x86_64/23.1/comm_libs/hpcx/hpcx-2.13/ompi/include -I/home/lucas/apps/compilers/nvidia/hpc_sdk/Linux_x86_64/23.1/comm_libs/hpcx/hpcx-2.13/ompi/lib' -stbfile /tmp/nvfortranNS5Le1lCGQJzF.stb -asm /tmp/nvfortranhS5LevKy30GKQ.ll]
  ignore line: [  0 inform    0 warnings    0 severes  0 fatal for cmakefortrancompilerabi]
  ignore line: [NVFORTRAN/x86-64 Linux 23.1-0: compilation successful]
  ignore line: []
  ignore line: [/home/lucas/apps/compilers/nvidia/hpc_sdk/Linux_x86_64/23.1/compilers/share/llvm/bin/llc /tmp/nvfortranhS5LevKy30GKQ.ll -march=x86-64 -mcpu=native -mattr=+mmx -mattr=+sse -mattr=+sse2 -mattr=+sse3 -mattr=+ssse3 -mattr=+sse4a -mattr=+sse4.1 -mattr=+sse4.2 -mattr=+avx -mattr=+avx2 -mattr=+f16c -mattr=+fma -mattr=+xsave -mattr=+xsaveopt -mattr=+xsavec -mattr=+xsaves -mattr=+popcnt -mattr=+sha -mattr=+aes -mattr=+pclmul -mattr=+clflushopt -mattr=+fsgsbase -mattr=+rdrnd -mattr=+bmi -mattr=+bmi2 -mattr=+lzcnt -mattr=+fxsr -mattr=+mwaitx -mattr=+clzero -mattr=+pku -mattr=+vaes -mattr=+vpclmulqdq -O1 -non-global-value-max-name-size=4294967295 -x86-cmov-converter=0 -dwarf-directory=false --align-all-functions=6 -filetype=obj --frame-pointer=none -o CMakeFiles/cmTC_073cd.dir/CMakeFortranCompilerABI.F90.o]
  ignore line: []
  ignore line: [/home/lucas/apps/compilers/nvidia/hpc_sdk/Linux_x86_64/23.1/compilers/bin/tools/append -noerror CMakeFiles/cmTC_073cd.dir/CMakeFortranCompilerABI.F90.o -name .IPDINFO /tmp/nvfortranFS5LeDQDte-vG.cmod -name .IPEINFO /tmp/nvfortranxS5Lef_QAB6TW.cmdx]
  ignore line: [Unlinking /tmp/nvfortran3S5LeLnBNdOCo.ilm]
  ignore line: [Unlinking /tmp/nvfortranVS5Len6u6wUZt.cci]
  ignore line: [Unlinking /tmp/nvfortranNS5Le1lCGQJzF.stb]
  ignore line: [Unlinking /tmp/nvfortranFS5LeDQDte-vG.cmod]
  ignore line: [Unlinking /tmp/nvfortranxS5Lef_QAB6TW.cmdx]
  ignore line: [Unlinking /tmp/nvfortranpS5LeTUI3eafq.s]
  ignore line: [Unlinking /tmp/nvfortranhS5LevKy30GKQ.ll]
  ignore line: [Unlinking /tmp/nvfortran-S5Le9g9rDc6K.llvm]
  ignore line: [Linking Fortran executable cmTC_073cd]
  ignore line: [/usr/bin/cmake -E cmake_link_script CMakeFiles/cmTC_073cd.dir/link.txt --verbose=1]
  ignore line: [/home/lucas/apps/compilers/nvidia/hpc_sdk/Linux_x86_64/23.1/comm_libs/hpcx/hpcx-2.13/ompi/bin/mpif90  -v CMakeFiles/cmTC_073cd.dir/CMakeFortranCompilerABI.F90.o -o cmTC_073cd ]
  ignore line: [Export NVCOMPILER=/home/lucas/apps/compilers/nvidia/hpc_sdk/Linux_x86_64/23.1]
  ignore line: [Export PGI=/home/lucas/apps/compilers/nvidia/hpc_sdk]
  ignore line: []
  link line: [/usr/bin/ld /usr/lib64/crt1.o /usr/lib64/crti.o /home/lucas/apps/compilers/nvidia/hpc_sdk/Linux_x86_64/23.1/compilers/lib/trace_init.o /usr/lib/gcc/x86_64-pc-linux-gnu/12.2.1/crtbegin.o /home/lucas/apps/compilers/nvidia/hpc_sdk/Linux_x86_64/23.1/compilers/lib/f90main.o --eh-frame-hdr -m elf_x86_64 -dynamic-linker /lib64/ld-linux-x86-64.so.2 -T /home/lucas/apps/compilers/nvidia/hpc_sdk/Linux_x86_64/23.1/compilers/lib/nvhpc.ld -L/home/lucas/apps/compilers/nvidia/hpc_sdk/Linux_x86_64/23.1/comm_libs/hpcx/hpcx-2.13/ompi/lib -L/home/lucas/apps/libraries/hdf5/1.14.0/nvidia/23.1/lib -L/home/lucas/apps/compilers/nvidia/hpc_sdk/Linux_x86_64/23.1/comm_libs/hpcx/hpcx-2.13/ompi/lib -L/home/lucas/apps/compilers/nvidia/hpc_sdk/Linux_x86_64/23.1/comm_libs/hpcx/hpcx-2.13/nccl_rdma_sharp_plugin/lib -L/home/lucas/apps/compilers/nvidia/hpc_sdk/Linux_x86_64/23.1/comm_libs/hpcx/hpcx-2.13/sharp/lib -L/home/lucas/apps/compilers/nvidia/hpc_sdk/Linux_x86_64/23.1/comm_libs/hpcx/hpcx-2.13/hcoll/lib -L/home/lucas/apps/compilers/nvidia/hpc_sdk/Linux_x86_64/23.1/comm_libs/hpcx/hpcx-2.13/ucc/lib -L/home/lucas/apps/compilers/nvidia/hpc_sdk/Linux_x86_64/23.1/comm_libs/hpcx/hpcx-2.13/ucx/lib -L/home/lucas/apps/compilers/nvidia/hpc_sdk/Linux_x86_64/23.1/compilers/lib -L/usr/lib64 -L/usr/lib/gcc/x86_64-pc-linux-gnu/12.2.1 CMakeFiles/cmTC_073cd.dir/CMakeFortranCompilerABI.F90.o -rpath /home/lucas/apps/compilers/nvidia/hpc_sdk/Linux_x86_64/23.1/comm_libs/hpcx/hpcx-2.13/ompi/lib -lmpi_usempif08 -lmpi_usempi_ignore_tkr -lmpi_mpifh -lmpi -rpath /home/lucas/apps/compilers/nvidia/hpc_sdk/Linux_x86_64/23.1/compilers/lib -rpath /usr/lib/gcc/x86_64-pc-linux-gnu/12.2.1/../../../../lib64 -o cmTC_073cd -L/usr/lib/gcc/x86_64-pc-linux-gnu/12.2.1/../../../../lib64 -lnvf -lnvomp -ldl --as-needed -lnvhpcatm -latomic --no-as-needed -lpthread -lnvcpumath -lnsnvc -lnvc -lrt -lpthread -lgcc -lc -lgcc_s -lm /usr/lib/gcc/x86_64-pc-linux-gnu/12.2.1/crtend.o /usr/lib64/crtn.o]
    arg [/usr/bin/ld] ==> ignore
    arg [/usr/lib64/crt1.o] ==> obj [/usr/lib64/crt1.o]
    arg [/usr/lib64/crti.o] ==> obj [/usr/lib64/crti.o]
    arg [/home/lucas/apps/compilers/nvidia/hpc_sdk/Linux_x86_64/23.1/compilers/lib/trace_init.o] ==> obj [/home/lucas/apps/compilers/nvidia/hpc_sdk/Linux_x86_64/23.1/compilers/lib/trace_init.o]
    arg [/usr/lib/gcc/x86_64-pc-linux-gnu/12.2.1/crtbegin.o] ==> obj [/usr/lib/gcc/x86_64-pc-linux-gnu/12.2.1/crtbegin.o]
    arg [/home/lucas/apps/compilers/nvidia/hpc_sdk/Linux_x86_64/23.1/compilers/lib/f90main.o] ==> obj [/home/lucas/apps/compilers/nvidia/hpc_sdk/Linux_x86_64/23.1/compilers/lib/f90main.o]
    arg [--eh-frame-hdr] ==> ignore
    arg [-m] ==> ignore
    arg [elf_x86_64] ==> ignore
    arg [-dynamic-linker] ==> ignore
    arg [/lib64/ld-linux-x86-64.so.2] ==> ignore
    arg [-T] ==> ignore
    arg [/home/lucas/apps/compilers/nvidia/hpc_sdk/Linux_x86_64/23.1/compilers/lib/nvhpc.ld] ==> ignore
    arg [-L/home/lucas/apps/compilers/nvidia/hpc_sdk/Linux_x86_64/23.1/comm_libs/hpcx/hpcx-2.13/ompi/lib] ==> dir [/home/lucas/apps/compilers/nvidia/hpc_sdk/Linux_x86_64/23.1/comm_libs/hpcx/hpcx-2.13/ompi/lib]
    arg [-L/home/lucas/apps/libraries/hdf5/1.14.0/nvidia/23.1/lib] ==> dir [/home/lucas/apps/libraries/hdf5/1.14.0/nvidia/23.1/lib]
    arg [-L/home/lucas/apps/compilers/nvidia/hpc_sdk/Linux_x86_64/23.1/comm_libs/hpcx/hpcx-2.13/ompi/lib] ==> dir [/home/lucas/apps/compilers/nvidia/hpc_sdk/Linux_x86_64/23.1/comm_libs/hpcx/hpcx-2.13/ompi/lib]
    arg [-L/home/lucas/apps/compilers/nvidia/hpc_sdk/Linux_x86_64/23.1/comm_libs/hpcx/hpcx-2.13/nccl_rdma_sharp_plugin/lib] ==> dir [/home/lucas/apps/compilers/nvidia/hpc_sdk/Linux_x86_64/23.1/comm_libs/hpcx/hpcx-2.13/nccl_rdma_sharp_plugin/lib]
    arg [-L/home/lucas/apps/compilers/nvidia/hpc_sdk/Linux_x86_64/23.1/comm_libs/hpcx/hpcx-2.13/sharp/lib] ==> dir [/home/lucas/apps/compilers/nvidia/hpc_sdk/Linux_x86_64/23.1/comm_libs/hpcx/hpcx-2.13/sharp/lib]
    arg [-L/home/lucas/apps/compilers/nvidia/hpc_sdk/Linux_x86_64/23.1/comm_libs/hpcx/hpcx-2.13/hcoll/lib] ==> dir [/home/lucas/apps/compilers/nvidia/hpc_sdk/Linux_x86_64/23.1/comm_libs/hpcx/hpcx-2.13/hcoll/lib]
    arg [-L/home/lucas/apps/compilers/nvidia/hpc_sdk/Linux_x86_64/23.1/comm_libs/hpcx/hpcx-2.13/ucc/lib] ==> dir [/home/lucas/apps/compilers/nvidia/hpc_sdk/Linux_x86_64/23.1/comm_libs/hpcx/hpcx-2.13/ucc/lib]
    arg [-L/home/lucas/apps/compilers/nvidia/hpc_sdk/Linux_x86_64/23.1/comm_libs/hpcx/hpcx-2.13/ucx/lib] ==> dir [/home/lucas/apps/compilers/nvidia/hpc_sdk/Linux_x86_64/23.1/comm_libs/hpcx/hpcx-2.13/ucx/lib]
    arg [-L/home/lucas/apps/compilers/nvidia/hpc_sdk/Linux_x86_64/23.1/compilers/lib] ==> dir [/home/lucas/apps/compilers/nvidia/hpc_sdk/Linux_x86_64/23.1/compilers/lib]
    arg [-L/usr/lib64] ==> dir [/usr/lib64]
    arg [-L/usr/lib/gcc/x86_64-pc-linux-gnu/12.2.1] ==> dir [/usr/lib/gcc/x86_64-pc-linux-gnu/12.2.1]
    arg [CMakeFiles/cmTC_073cd.dir/CMakeFortranCompilerABI.F90.o] ==> ignore
    arg [-rpath] ==> ignore
    arg [/home/lucas/apps/compilers/nvidia/hpc_sdk/Linux_x86_64/23.1/comm_libs/hpcx/hpcx-2.13/ompi/lib] ==> ignore
    arg [-lmpi_usempif08] ==> lib [mpi_usempif08]
    arg [-lmpi_usempi_ignore_tkr] ==> lib [mpi_usempi_ignore_tkr]
    arg [-lmpi_mpifh] ==> lib [mpi_mpifh]
    arg [-lmpi] ==> lib [mpi]
    arg [-rpath] ==> ignore
    arg [/home/lucas/apps/compilers/nvidia/hpc_sdk/Linux_x86_64/23.1/compilers/lib] ==> ignore
    arg [-rpath] ==> ignore
    arg [/usr/lib/gcc/x86_64-pc-linux-gnu/12.2.1/../../../../lib64] ==> ignore
    arg [-o] ==> ignore
    arg [cmTC_073cd] ==> ignore
    arg [-L/usr/lib/gcc/x86_64-pc-linux-gnu/12.2.1/../../../../lib64] ==> dir [/usr/lib/gcc/x86_64-pc-linux-gnu/12.2.1/../../../../lib64]
    arg [-lnvf] ==> lib [nvf]
    arg [-lnvomp] ==> lib [nvomp]
    arg [-ldl] ==> lib [dl]
    arg [--as-needed] ==> ignore
    arg [-lnvhpcatm] ==> lib [nvhpcatm]
    arg [-latomic] ==> lib [atomic]
    arg [--no-as-needed] ==> ignore
    arg [-lpthread] ==> lib [pthread]
    arg [-lnvcpumath] ==> lib [nvcpumath]
    arg [-lnsnvc] ==> lib [nsnvc]
    arg [-lnvc] ==> lib [nvc]
    arg [-lrt] ==> lib [rt]
    arg [-lpthread] ==> lib [pthread]
    arg [-lgcc] ==> lib [gcc]
    arg [-lc] ==> lib [c]
    arg [-lgcc_s] ==> lib [gcc_s]
    arg [-lm] ==> lib [m]
    arg [/usr/lib/gcc/x86_64-pc-linux-gnu/12.2.1/crtend.o] ==> obj [/usr/lib/gcc/x86_64-pc-linux-gnu/12.2.1/crtend.o]
    arg [/usr/lib64/crtn.o] ==> obj [/usr/lib64/crtn.o]
  collapse library dir [/home/lucas/apps/compilers/nvidia/hpc_sdk/Linux_x86_64/23.1/comm_libs/hpcx/hpcx-2.13/ompi/lib] ==> [/home/lucas/apps/compilers/nvidia/hpc_sdk/Linux_x86_64/23.1/comm_libs/hpcx/hpcx-2.13/ompi/lib]
  collapse library dir [/home/lucas/apps/libraries/hdf5/1.14.0/nvidia/23.1/lib] ==> [/home/lucas/apps/libraries/hdf5/1.14.0/nvidia/23.1/lib]
  collapse library dir [/home/lucas/apps/compilers/nvidia/hpc_sdk/Linux_x86_64/23.1/comm_libs/hpcx/hpcx-2.13/ompi/lib] ==> [/home/lucas/apps/compilers/nvidia/hpc_sdk/Linux_x86_64/23.1/comm_libs/hpcx/hpcx-2.13/ompi/lib]
  collapse library dir [/home/lucas/apps/compilers/nvidia/hpc_sdk/Linux_x86_64/23.1/comm_libs/hpcx/hpcx-2.13/nccl_rdma_sharp_plugin/lib] ==> [/home/lucas/apps/compilers/nvidia/hpc_sdk/Linux_x86_64/23.1/comm_libs/hpcx/hpcx-2.13/nccl_rdma_sharp_plugin/lib]
  collapse library dir [/home/lucas/apps/compilers/nvidia/hpc_sdk/Linux_x86_64/23.1/comm_libs/hpcx/hpcx-2.13/sharp/lib] ==> [/home/lucas/apps/compilers/nvidia/hpc_sdk/Linux_x86_64/23.1/comm_libs/hpcx/hpcx-2.13/sharp/lib]
  collapse library dir [/home/lucas/apps/compilers/nvidia/hpc_sdk/Linux_x86_64/23.1/comm_libs/hpcx/hpcx-2.13/hcoll/lib] ==> [/home/lucas/apps/compilers/nvidia/hpc_sdk/Linux_x86_64/23.1/comm_libs/hpcx/hpcx-2.13/hcoll/lib]
  collapse library dir [/home/lucas/apps/compilers/nvidia/hpc_sdk/Linux_x86_64/23.1/comm_libs/hpcx/hpcx-2.13/ucc/lib] ==> [/home/lucas/apps/compilers/nvidia/hpc_sdk/Linux_x86_64/23.1/comm_libs/hpcx/hpcx-2.13/ucc/lib]
  collapse library dir [/home/lucas/apps/compilers/nvidia/hpc_sdk/Linux_x86_64/23.1/comm_libs/hpcx/hpcx-2.13/ucx/lib] ==> [/home/lucas/apps/compilers/nvidia/hpc_sdk/Linux_x86_64/23.1/comm_libs/hpcx/hpcx-2.13/ucx/lib]
  collapse library dir [/home/lucas/apps/compilers/nvidia/hpc_sdk/Linux_x86_64/23.1/compilers/lib] ==> [/home/lucas/apps/compilers/nvidia/hpc_sdk/Linux_x86_64/23.1/compilers/lib]
  collapse library dir [/usr/lib64] ==> [/usr/lib64]
  collapse library dir [/usr/lib/gcc/x86_64-pc-linux-gnu/12.2.1] ==> [/usr/lib/gcc/x86_64-pc-linux-gnu/12.2.1]
  collapse library dir [/usr/lib/gcc/x86_64-pc-linux-gnu/12.2.1/../../../../lib64] ==> [/usr/lib64]
  implicit libs: [mpi_usempif08;mpi_usempi_ignore_tkr;mpi_mpifh;mpi;nvf;nvomp;dl;nvhpcatm;atomic;pthread;nvcpumath;nsnvc;nvc;rt;pthread;gcc;c;gcc_s;m]
  implicit objs: [/usr/lib64/crt1.o;/usr/lib64/crti.o;/home/lucas/apps/compilers/nvidia/hpc_sdk/Linux_x86_64/23.1/compilers/lib/trace_init.o;/usr/lib/gcc/x86_64-pc-linux-gnu/12.2.1/crtbegin.o;/home/lucas/apps/compilers/nvidia/hpc_sdk/Linux_x86_64/23.1/compilers/lib/f90main.o;/usr/lib/gcc/x86_64-pc-linux-gnu/12.2.1/crtend.o;/usr/lib64/crtn.o]
  implicit dirs: [/home/lucas/apps/compilers/nvidia/hpc_sdk/Linux_x86_64/23.1/comm_libs/hpcx/hpcx-2.13/ompi/lib;/home/lucas/apps/libraries/hdf5/1.14.0/nvidia/23.1/lib;/home/lucas/apps/compilers/nvidia/hpc_sdk/Linux_x86_64/23.1/comm_libs/hpcx/hpcx-2.13/nccl_rdma_sharp_plugin/lib;/home/lucas/apps/compilers/nvidia/hpc_sdk/Linux_x86_64/23.1/comm_libs/hpcx/hpcx-2.13/sharp/lib;/home/lucas/apps/compilers/nvidia/hpc_sdk/Linux_x86_64/23.1/comm_libs/hpcx/hpcx-2.13/hcoll/lib;/home/lucas/apps/compilers/nvidia/hpc_sdk/Linux_x86_64/23.1/comm_libs/hpcx/hpcx-2.13/ucc/lib;/home/lucas/apps/compilers/nvidia/hpc_sdk/Linux_x86_64/23.1/comm_libs/hpcx/hpcx-2.13/ucx/lib;/home/lucas/apps/compilers/nvidia/hpc_sdk/Linux_x86_64/23.1/compilers/lib;/usr/lib64;/usr/lib/gcc/x86_64-pc-linux-gnu/12.2.1]
  implicit fwks: []


